{"logTime": "1022/034830", "correlationVector":"ASeFrrJ5LpCfejtY9teaPy.138","action":"GetUpdates", "result":"DeleteReceived", "context":{"id":"8bd7e262-39dc-452c-aaee-83e07753a3d5", "isDeleted:":"true", "version":"1726013438920"}}
{"logTime": "1022/034830", "correlationVector":"ASeFrrJ5LpCfejtY9teaPy.139","action":"GetUpdates", "result":"DeleteReceived", "context":{"id":"1f746349-46ad-446d-8444-a088fe814b43", "isDeleted:":"true", "version":"1726013438921"}}
{"logTime": "1022/034830", "correlationVector":"ASeFrrJ5LpCfejtY9teaPy.140","action":"GetUpdates", "result":"DeleteReceived", "context":{"id":"a7324a56-8adc-42b9-80ed-4b149f1c4fce", "isDeleted:":"true", "version":"1726013438922"}}
{"logTime": "1022/034830", "correlationVector":"ASeFrrJ5LpCfejtY9teaPy.141","action":"GetUpdates", "result":"DeleteReceived", "context":{"id":"9e1856c4-e73a-41b3-b6ca-b1835160502a", "isDeleted:":"true", "version":"1726017061187"}}
{"logTime": "1022/034830", "correlationVector":"ASeFrrJ5LpCfejtY9teaPy.142","action":"GetUpdates", "result":"DeleteReceived", "context":{"id":"46f74329-956b-4774-8ca5-25097f211c1e", "isDeleted:":"true", "version":"1726017061188"}}
{"logTime": "1022/034830", "correlationVector":"ASeFrrJ5LpCfejtY9teaPy.143","action":"GetUpdates", "result":"DeleteReceived", "context":{"id":"eb1b1fb5-f10a-4253-b301-8eff0c1198f5", "isDeleted:":"true", "version":"1726017365148"}}
{"logTime": "1022/034830", "correlationVector":"ASeFrrJ5LpCfejtY9teaPy.144","action":"GetUpdates", "result":"DeleteReceived", "context":{"id":"10818af6-0a24-4802-83a7-28bccbae33c8", "isDeleted:":"true", "version":"1726018510040"}}
{"logTime": "1022/034830", "correlationVector":"ASeFrrJ5LpCfejtY9teaPy.145","action":"GetUpdates", "result":"DeleteReceived", "context":{"id":"05dcdeb7-a56a-4784-95af-d7b08d691082", "isDeleted:":"true", "version":"1726018510041"}}
{"logTime": "1022/034830", "correlationVector":"ASeFrrJ5LpCfejtY9teaPy.146","action":"GetUpdates", "result":"DeleteReceived", "context":{"id":"257f4eb5-dfd7-4acd-82ac-94b2fd234961", "isDeleted:":"true", "version":"1726023039046"}}
{"logTime": "1022/034830", "correlationVector":"ASeFrrJ5LpCfejtY9teaPy.147","action":"GetUpdates", "result":"DeleteReceived", "context":{"id":"c6208fa5-558e-463a-9a4a-9aafb79367a4", "isDeleted:":"true", "version":"1726023039048"}}
{"logTime": "1022/034830", "correlationVector":"ASeFrrJ5LpCfejtY9teaPy.148","action":"GetUpdates", "result":"DeleteReceived", "context":{"id":"5b68aa16-3958-469b-ad6c-ba9f2588f562", "isDeleted:":"true", "version":"1726023039049"}}
{"logTime": "1022/034830", "correlationVector":"ASeFrrJ5LpCfejtY9teaPy.149","action":"GetUpdates", "result":"DeleteReceived", "context":{"id":"b52568d8-3448-452d-a837-be64ad794a10", "isDeleted:":"true", "version":"1726023039050"}}
{"logTime": "1022/034830", "correlationVector":"ASeFrrJ5LpCfejtY9teaPy.150","action":"GetUpdates", "result":"DeleteReceived", "context":{"id":"49180dd1-e046-4b1b-b301-70cf034d0f6e", "isDeleted:":"true", "version":"1726023039051"}}
{"logTime": "1022/034830", "correlationVector":"ASeFrrJ5LpCfejtY9teaPy.151","action":"GetUpdates", "result":"DeleteReceived", "context":{"id":"65457d83-2ac1-4ec6-9689-38bf8312ccbc", "isDeleted:":"true", "version":"1726023039052"}}
{"logTime": "1022/034830", "correlationVector":"ASeFrrJ5LpCfejtY9teaPy.152","action":"GetUpdates", "result":"DeleteReceived", "context":{"id":"2f736ef6-bb8d-4e11-b6c8-8f4fc276cb2e", "isDeleted:":"true", "version":"1726023039053"}}
{"logTime": "1022/034830", "correlationVector":"ASeFrrJ5LpCfejtY9teaPy.153","action":"GetUpdates", "result":"DeleteReceived", "context":{"id":"deba3dc7-cbd2-49de-8a41-07603e963e00", "isDeleted:":"true", "version":"1726197583815"}}
{"logTime": "1022/034830", "correlationVector":"ASeFrrJ5LpCfejtY9teaPy.154","action":"GetUpdates", "result":"DeleteReceived", "context":{"id":"f340bc2a-9932-4627-93ac-3f28a785b719", "isDeleted:":"true", "version":"1726197583817"}}
{"logTime": "1022/034830", "correlationVector":"ASeFrrJ5LpCfejtY9teaPy.155","action":"GetUpdates", "result":"DeleteReceived", "context":{"id":"f19eb61f-44ea-4d46-b261-7c7cb00d1f7f", "isDeleted:":"true", "version":"1727142915538"}}
{"logTime": "1022/034830", "correlationVector":"ASeFrrJ5LpCfejtY9teaPy.156","action":"GetUpdates", "result":"DeleteReceived", "context":{"id":"b3640aca-3769-415d-a55c-fdf50e7a4946", "isDeleted:":"true", "version":"1727142915540"}}
{"logTime": "1022/034830", "correlationVector":"ASeFrrJ5LpCfejtY9teaPy.157","action":"GetUpdates", "result":"DeleteReceived", "context":{"id":"f34dccb3-4947-4ce6-9708-36a1dc35f29c", "isDeleted:":"true", "version":"1727143199787"}}
{"logTime": "1022/034830", "correlationVector":"ASeFrrJ5LpCfejtY9teaPy.158","action":"GetUpdates", "result":"DeleteReceived", "context":{"id":"4314718c-2939-49af-8fb8-2b0b5d5f70cf", "isDeleted:":"true", "version":"1727143199788"}}
{"logTime": "1022/034830", "correlationVector":"ASeFrrJ5LpCfejtY9teaPy.159","action":"GetUpdates", "result":"DeleteReceived", "context":{"id":"1f7c6590-db02-4175-9d27-a0690e22fa9b", "isDeleted:":"true", "version":"1727143214977"}}
{"logTime": "1022/034830", "correlationVector":"ASeFrrJ5LpCfejtY9teaPy.160","action":"GetUpdates", "result":"DeleteReceived", "context":{"id":"02d21c14-9b72-4a04-b0e8-240226a2292d", "isDeleted:":"true", "version":"1727146361009"}}
{"logTime": "1022/034830", "correlationVector":"ASeFrrJ5LpCfejtY9teaPy.161","action":"GetUpdates", "result":"DeleteReceived", "context":{"id":"3f6feae6-4249-4906-a007-560cd8ec64ff", "isDeleted:":"true", "version":"1727147740394"}}
{"logTime": "1022/034830", "correlationVector":"ASeFrrJ5LpCfejtY9teaPy.162","action":"GetUpdates", "result":"DeleteReceived", "context":{"id":"b2e95a75-178f-4659-8290-8656ea6dfc48", "isDeleted:":"true", "version":"1727147740395"}}
{"logTime": "1022/034830", "correlationVector":"ASeFrrJ5LpCfejtY9teaPy.163","action":"GetUpdates", "result":"DeleteReceived", "context":{"id":"005c7209-10eb-4273-96d1-30f9d75b7241", "isDeleted:":"true", "version":"1727149371517"}}
{"logTime": "1022/034830", "correlationVector":"ASeFrrJ5LpCfejtY9teaPy.164","action":"GetUpdates", "result":"DeleteReceived", "context":{"id":"4fdd0892-2ed1-4716-ad92-74e1c312ac52", "isDeleted:":"true", "version":"1727227663934"}}
{"logTime": "1022/034830", "correlationVector":"ASeFrrJ5LpCfejtY9teaPy.165","action":"GetUpdates", "result":"DeleteReceived", "context":{"id":"5bd157d2-ab04-4d1f-9b24-fce743314847", "isDeleted:":"true", "version":"1727227663936"}}
{"logTime": "1022/034830", "correlationVector":"ASeFrrJ5LpCfejtY9teaPy.166","action":"GetUpdates", "result":"DeleteReceived", "context":{"id":"924088dc-ed9f-4ac3-a84c-e1e677179c83", "isDeleted:":"true", "version":"1727227663938"}}
{"logTime": "1022/034830", "correlationVector":"ASeFrrJ5LpCfejtY9teaPy.167","action":"GetUpdates", "result":"DeleteReceived", "context":{"id":"677ccb68-8179-4c93-8100-304dc0a3e2a8", "isDeleted:":"true", "version":"1727229414130"}}
{"logTime": "1022/034830", "correlationVector":"ASeFrrJ5LpCfejtY9teaPy.168","action":"GetUpdates", "result":"DeleteReceived", "context":{"id":"f0c4d9c7-5d06-4912-9d1a-a320dded3100", "isDeleted:":"true", "version":"1727312815525"}}
{"logTime": "1022/034830", "correlationVector":"ASeFrrJ5LpCfejtY9teaPy.169","action":"GetUpdates", "result":"DeleteReceived", "context":{"id":"83d59a73-5c0e-4a5b-bc28-4bbc8e2494e6", "isDeleted:":"true", "version":"1727312815527"}}
{"logTime": "1022/034830", "correlationVector":"ASeFrrJ5LpCfejtY9teaPy.170","action":"GetUpdates", "result":"DeleteReceived", "context":{"id":"8589c905-e898-4a54-9886-6c4a832fe731", "isDeleted:":"true", "version":"1727312815528"}}
{"logTime": "1022/034830", "correlationVector":"ASeFrrJ5LpCfejtY9teaPy.171","action":"GetUpdates", "result":"DeleteReceived", "context":{"id":"23ab393a-76cc-4769-a6b9-3ce87251e13a", "isDeleted:":"true", "version":"1727315755106"}}
{"logTime": "1022/034830", "correlationVector":"ASeFrrJ5LpCfejtY9teaPy.172","action":"GetUpdates", "result":"DeleteReceived", "context":{"id":"95bd6b01-6cbc-4dbb-997b-401ac78a38b7", "isDeleted:":"true", "version":"1727315755107"}}
{"logTime": "1022/034830", "correlationVector":"ASeFrrJ5LpCfejtY9teaPy.173","action":"GetUpdates", "result":"DeleteReceived", "context":{"id":"9aa9eebe-0c1e-4543-b208-51fb9a66cedc", "isDeleted:":"true", "version":"1727315755108"}}
{"logTime": "1022/034830", "correlationVector":"ASeFrrJ5LpCfejtY9teaPy.174","action":"GetUpdates", "result":"DeleteReceived", "context":{"id":"2ed0594f-9f24-4cfc-8781-d6b35245490f", "isDeleted:":"true", "version":"1727315755110"}}
{"logTime": "1022/034830", "correlationVector":"ASeFrrJ5LpCfejtY9teaPy.175","action":"GetUpdates", "result":"DeleteReceived", "context":{"id":"0655462c-3b0a-450f-a4fb-521850377b71", "isDeleted:":"true", "version":"1727315755111"}}
{"logTime": "1022/034830", "correlationVector":"ASeFrrJ5LpCfejtY9teaPy.176","action":"GetUpdates", "result":"DeleteReceived", "context":{"id":"df720068-a23b-469e-ade6-9122895cd6bf", "isDeleted:":"true", "version":"1727315755112"}}
{"logTime": "1022/034830", "correlationVector":"ASeFrrJ5LpCfejtY9teaPy.177","action":"GetUpdates", "result":"DeleteReceived", "context":{"id":"86432d34-f723-458e-ab39-6ce98a4be12a", "isDeleted:":"true", "version":"1727315755113"}}
{"logTime": "1022/034830", "correlationVector":"ASeFrrJ5LpCfejtY9teaPy.178","action":"GetUpdates", "result":"DeleteReceived", "context":{"id":"5f91834c-a84b-4918-9bda-0576bd7608e2", "isDeleted:":"true", "version":"1727315755115"}}
{"logTime": "1022/034830", "correlationVector":"ASeFrrJ5LpCfejtY9teaPy.179","action":"GetUpdates", "result":"DeleteReceived", "context":{"id":"786c5f33-1e0f-40ad-bc86-32c5050bf39d", "isDeleted:":"true", "version":"1727315755116"}}
{"logTime": "1022/034830", "correlationVector":"ASeFrrJ5LpCfejtY9teaPy.180","action":"GetUpdates", "result":"DeleteReceived", "context":{"id":"7de9b000-5176-4140-9b4b-29cadc0b01b5", "isDeleted:":"true", "version":"1727315755117"}}
{"logTime": "1022/034830", "correlationVector":"ASeFrrJ5LpCfejtY9teaPy.181","action":"GetUpdates", "result":"DeleteReceived", "context":{"id":"d19d4a8b-a9ed-499b-a94f-93136755a1c6", "isDeleted:":"true", "version":"1727315755118"}}
{"logTime": "1022/034830", "correlationVector":"ASeFrrJ5LpCfejtY9teaPy.182","action":"GetUpdates", "result":"DeleteReceived", "context":{"id":"98940317-f882-44b3-af25-c160952e5ffc", "isDeleted:":"true", "version":"1727315755119"}}
{"logTime": "1022/034830", "correlationVector":"ASeFrrJ5LpCfejtY9teaPy.183","action":"GetUpdates", "result":"DeleteReceived", "context":{"id":"97ed945f-9517-442c-a83d-799318ad2183", "isDeleted:":"true", "version":"1727315755120"}}
{"logTime": "1022/034830", "correlationVector":"ASeFrrJ5LpCfejtY9teaPy.184","action":"GetUpdates", "result":"DeleteReceived", "context":{"id":"51999c25-64a6-4b0a-a395-56c31f2d8796", "isDeleted:":"true", "version":"1727315755121"}}
{"logTime": "1022/034830", "correlationVector":"ASeFrrJ5LpCfejtY9teaPy.185","action":"GetUpdates", "result":"DeleteReceived", "context":{"id":"35a9c6af-e648-4893-b8b9-a5b23e4dd13d", "isDeleted:":"true", "version":"1727315755122"}}
{"logTime": "1022/034830", "correlationVector":"ASeFrrJ5LpCfejtY9teaPy.186","action":"GetUpdates", "result":"DeleteReceived", "context":{"id":"da41daa2-20df-4dec-b66f-efe6ab50a640", "isDeleted:":"true", "version":"1727315755123"}}
{"logTime": "1022/034830", "correlationVector":"ASeFrrJ5LpCfejtY9teaPy.187","action":"GetUpdates", "result":"DeleteReceived", "context":{"id":"b35aa377-1a4a-4736-9039-2bd71b57119e", "isDeleted:":"true", "version":"1727315755124"}}
{"logTime": "1022/034830", "correlationVector":"ASeFrrJ5LpCfejtY9teaPy.188","action":"GetUpdates", "result":"DeleteReceived", "context":{"id":"0a0b3f70-57f1-4ae4-b8c1-610481fa1615", "isDeleted:":"true", "version":"1727315755125"}}
{"logTime": "1022/034830", "correlationVector":"ASeFrrJ5LpCfejtY9teaPy.189","action":"GetUpdates", "result":"DeleteReceived", "context":{"id":"43080477-5c87-4fe6-9408-06c9487419d9", "isDeleted:":"true", "version":"1727315755126"}}
{"logTime": "1022/034830", "correlationVector":"ASeFrrJ5LpCfejtY9teaPy.190","action":"GetUpdates", "result":"DeleteReceived", "context":{"id":"28ef8808-0ed9-493d-8bb6-4a2073409c85", "isDeleted:":"true", "version":"1727315916362"}}
{"logTime": "1022/034830", "correlationVector":"ASeFrrJ5LpCfejtY9teaPy.191","action":"GetUpdates", "result":"DeleteReceived", "context":{"id":"e4f7094f-9d8c-49cb-8e86-d48d27fee5cc", "isDeleted:":"true", "version":"1727315916364"}}
{"logTime": "1022/034830", "correlationVector":"ASeFrrJ5LpCfejtY9teaPy.192","action":"GetUpdates", "result":"DeleteReceived", "context":{"id":"be652e85-1d1e-44a3-8493-6b094d7e5ab6", "isDeleted:":"true", "version":"1727316199385"}}
{"logTime": "1022/034830", "correlationVector":"ASeFrrJ5LpCfejtY9teaPy.193","action":"GetUpdates", "result":"DeleteReceived", "context":{"id":"222e2fd6-75d6-4a9a-8d47-040d2bb4b0f2", "isDeleted:":"true", "version":"1727317393163"}}
{"logTime": "1022/034830", "correlationVector":"ASeFrrJ5LpCfejtY9teaPy.194","action":"GetUpdates", "result":"DeleteReceived", "context":{"id":"218f3990-2129-4f64-9c78-b61def38c01f", "isDeleted:":"true", "version":"1727317393166"}}
{"logTime": "1022/034830", "correlationVector":"ASeFrrJ5LpCfejtY9teaPy.195","action":"GetUpdates", "result":"DeleteReceived", "context":{"id":"473107e9-3f3a-42c3-aa94-edefc230cb6f", "isDeleted:":"true", "version":"1727400007555"}}
{"logTime": "1022/034830", "correlationVector":"ASeFrrJ5LpCfejtY9teaPy.196","action":"GetUpdates Response", "result":"Success", "context":Received 250 update(s). cV=ASeFrrJ5LpCfejtY9teaPy.0;server=GENERAL01000001;cloudType=Consumer;environment=Prod_EastUS2_000e;migrationStage=NotStarted Some updates remain.}
{"logTime": "1022/034830", "correlationVector":"+x2FpJQa8YaxJAbqI9ZEzB","action":"Initial GetUpdates", "result":"", "context":Reason: NEWLY_SUPPORTED_DATATYPE. cV=+x2FpJQa8YaxJAbqI9ZEzB}
{"logTime": "1022/034831", "correlationVector":"+x2FpJQa8YaxJAbqI9ZEzB.1","action":"SyncServerConnectionManagerRequest", "result":"SYNC_SERVER_OK", "context":{"environment":"Prod_EastUS2_000e", "migrationStage":"NotStarted", "server":"GENERAL0100001R"}}
{"logTime": "1022/034831", "correlationVector":"+x2FpJQa8YaxJAbqI9ZEzB.2","action":"GetUpdates", "result":"DeleteReceived", "context":{"id":"e34ba7f4-7921-44b9-b8b9-db7c894635cc", "isDeleted:":"true", "version":"1728942482477"}}
{"logTime": "1022/034831", "correlationVector":"+x2FpJQa8YaxJAbqI9ZEzB.3","action":"GetUpdates", "result":"DeleteReceived", "context":{"id":"7e9d0b0b-a1d7-423a-a3c7-2601cb5056d8", "isDeleted:":"true", "version":"1728950418940"}}
{"logTime": "1022/034831", "correlationVector":"+x2FpJQa8YaxJAbqI9ZEzB.4","action":"GetUpdates", "result":"DeleteReceived", "context":{"id":"0c3652ac-e371-4393-8da5-a1fd2685381f", "isDeleted:":"true", "version":"1727400007556"}}
{"logTime": "1022/034831", "correlationVector":"+x2FpJQa8YaxJAbqI9ZEzB.5","action":"GetUpdates", "result":"DeleteReceived", "context":{"id":"bb4d5bed-d2b4-418c-b511-df354f8c1051", "isDeleted:":"true", "version":"1727400007557"}}
{"logTime": "1022/034831", "correlationVector":"+x2FpJQa8YaxJAbqI9ZEzB.6","action":"GetUpdates", "result":"DeleteReceived", "context":{"id":"620dd214-21f5-4465-8069-88b06ae14326", "isDeleted:":"true", "version":"1727400007559"}}
{"logTime": "1022/034831", "correlationVector":"+x2FpJQa8YaxJAbqI9ZEzB.7","action":"GetUpdates", "result":"DeleteReceived", "context":{"id":"c283f5b6-5a3f-412f-8312-2b036b01386a", "isDeleted:":"true", "version":"1727400007560"}}
{"logTime": "1022/034831", "correlationVector":"+x2FpJQa8YaxJAbqI9ZEzB.8","action":"GetUpdates", "result":"DeleteReceived", "context":{"id":"5f66f4c0-3618-41a4-9639-eed7b6280555", "isDeleted:":"true", "version":"1727400007561"}}
{"logTime": "1022/034831", "correlationVector":"+x2FpJQa8YaxJAbqI9ZEzB.9","action":"GetUpdates", "result":"DeleteReceived", "context":{"id":"2024227a-d29d-4df2-a118-3fc68b92e6ef", "isDeleted:":"true", "version":"1727830467756"}}
{"logTime": "1022/034831", "correlationVector":"+x2FpJQa8YaxJAbqI9ZEzB.10","action":"GetUpdates", "result":"DeleteReceived", "context":{"id":"63cc85f3-7dbe-4f9c-a0cb-cd56e579d4b5", "isDeleted:":"true", "version":"1727830724590"}}
{"logTime": "1022/034831", "correlationVector":"+x2FpJQa8YaxJAbqI9ZEzB.11","action":"GetUpdates", "result":"DeleteReceived", "context":{"id":"5d76b9cf-b677-4425-8f38-f98d805aa20c", "isDeleted:":"true", "version":"1727831973332"}}
{"logTime": "1022/034831", "correlationVector":"+x2FpJQa8YaxJAbqI9ZEzB.12","action":"GetUpdates", "result":"DeleteReceived", "context":{"id":"7698086b-4578-4920-a6ec-ff72d35bc520", "isDeleted:":"true", "version":"1727831973333"}}
{"logTime": "1022/034831", "correlationVector":"+x2FpJQa8YaxJAbqI9ZEzB.13","action":"GetUpdates", "result":"DeleteReceived", "context":{"id":"ecc8e934-33c7-4703-89df-8296ae440b61", "isDeleted:":"true", "version":"1727832056654"}}
{"logTime": "1022/034831", "correlationVector":"+x2FpJQa8YaxJAbqI9ZEzB.14","action":"GetUpdates", "result":"DeleteReceived", "context":{"id":"ed64d900-4f84-4e28-98b5-3bf6aad8e1b6", "isDeleted:":"true", "version":"1727834664730"}}
{"logTime": "1022/034831", "correlationVector":"+x2FpJQa8YaxJAbqI9ZEzB.15","action":"GetUpdates", "result":"DeleteReceived", "context":{"id":"09ed8958-55a8-45be-995b-e50195e9f897", "isDeleted:":"true", "version":"1727835078754"}}
{"logTime": "1022/034831", "correlationVector":"+x2FpJQa8YaxJAbqI9ZEzB.16","action":"GetUpdates", "result":"DeleteReceived", "context":{"id":"33397a64-fd8f-4ecb-b432-5f8d9db7e95d", "isDeleted:":"true", "version":"1727835078757"}}
{"logTime": "1022/034831", "correlationVector":"+x2FpJQa8YaxJAbqI9ZEzB.17","action":"GetUpdates", "result":"DeleteReceived", "context":{"id":"abb73ec3-e510-4042-a103-9b2749e84539", "isDeleted:":"true", "version":"1727836178026"}}
{"logTime": "1022/034831", "correlationVector":"+x2FpJQa8YaxJAbqI9ZEzB.18","action":"GetUpdates", "result":"DeleteReceived", "context":{"id":"a3415c8e-e55e-4b35-b46a-0414717d54b7", "isDeleted:":"true", "version":"1727836178027"}}
{"logTime": "1022/034831", "correlationVector":"+x2FpJQa8YaxJAbqI9ZEzB.19","action":"GetUpdates", "result":"DeleteReceived", "context":{"id":"2d9d75a1-c5ed-40d8-ab9a-bdc8fdce65a9", "isDeleted:":"true", "version":"1727836178028"}}
{"logTime": "1022/034831", "correlationVector":"+x2FpJQa8YaxJAbqI9ZEzB.20","action":"GetUpdates", "result":"DeleteReceived", "context":{"id":"7f6e839d-c852-4c86-a04b-e2e36ec0646f", "isDeleted:":"true", "version":"1727836178030"}}
{"logTime": "1022/034831", "correlationVector":"+x2FpJQa8YaxJAbqI9ZEzB.21","action":"GetUpdates", "result":"DeleteReceived", "context":{"id":"1671151e-f83d-4248-b610-51b4d052478a", "isDeleted:":"true", "version":"1727836178031"}}
{"logTime": "1022/034831", "correlationVector":"+x2FpJQa8YaxJAbqI9ZEzB.22","action":"GetUpdates", "result":"DeleteReceived", "context":{"id":"0e329f30-45c1-4c81-bb62-ce4eba84a8fb", "isDeleted:":"true", "version":"1727836178032"}}
{"logTime": "1022/034831", "correlationVector":"+x2FpJQa8YaxJAbqI9ZEzB.23","action":"GetUpdates", "result":"DeleteReceived", "context":{"id":"0d771a00-9e42-495e-bd52-8180ae08f6c0", "isDeleted:":"true", "version":"1727836178033"}}
{"logTime": "1022/034831", "correlationVector":"+x2FpJQa8YaxJAbqI9ZEzB.24","action":"GetUpdates", "result":"DeleteReceived", "context":{"id":"326376e3-0e9d-4a55-8274-a5ac04758fb7", "isDeleted:":"true", "version":"1727836178035"}}
{"logTime": "1022/034831", "correlationVector":"+x2FpJQa8YaxJAbqI9ZEzB.25","action":"GetUpdates", "result":"DeleteReceived", "context":{"id":"c7109a94-f080-437b-b44a-532ac1872917", "isDeleted:":"true", "version":"1727836178036"}}
{"logTime": "1022/034831", "correlationVector":"+x2FpJQa8YaxJAbqI9ZEzB.26","action":"GetUpdates", "result":"DeleteReceived", "context":{"id":"aca46cfc-dde2-4a37-8f09-4e09e2ea7bc9", "isDeleted:":"true", "version":"1727836178038"}}
{"logTime": "1022/034831", "correlationVector":"+x2FpJQa8YaxJAbqI9ZEzB.27","action":"GetUpdates", "result":"DeleteReceived", "context":{"id":"1d25c808-5f23-4b43-be61-6052898aa9d5", "isDeleted:":"true", "version":"1727837238166"}}
{"logTime": "1022/034831", "correlationVector":"+x2FpJQa8YaxJAbqI9ZEzB.28","action":"GetUpdates", "result":"DeleteReceived", "context":{"id":"97d95d7c-3e42-40d8-a604-dd5435e0c0ad", "isDeleted:":"true", "version":"1727837238167"}}
{"logTime": "1022/034831", "correlationVector":"+x2FpJQa8YaxJAbqI9ZEzB.29","action":"GetUpdates", "result":"DeleteReceived", "context":{"id":"272bed8c-a31d-4991-ba25-fc3ed1892f86", "isDeleted:":"true", "version":"1727837238169"}}
{"logTime": "1022/034831", "correlationVector":"+x2FpJQa8YaxJAbqI9ZEzB.30","action":"GetUpdates", "result":"DeleteReceived", "context":{"id":"1d291a6d-5704-479a-aab5-5777e4343daa", "isDeleted:":"true", "version":"1727837290350"}}
{"logTime": "1022/034831", "correlationVector":"+x2FpJQa8YaxJAbqI9ZEzB.31","action":"GetUpdates", "result":"DeleteReceived", "context":{"id":"5987d89c-6d26-4230-b8cf-a3e8918c8f54", "isDeleted:":"true", "version":"1727837290351"}}
{"logTime": "1022/034831", "correlationVector":"+x2FpJQa8YaxJAbqI9ZEzB.32","action":"GetUpdates", "result":"DeleteReceived", "context":{"id":"3dea3626-4cc6-471a-bd84-b799075f363c", "isDeleted:":"true", "version":"1727839004197"}}
{"logTime": "1022/034831", "correlationVector":"+x2FpJQa8YaxJAbqI9ZEzB.33","action":"GetUpdates", "result":"DeleteReceived", "context":{"id":"a21b0e3d-9972-4b81-bea6-0d30fb309f61", "isDeleted:":"true", "version":"1727839004198"}}
{"logTime": "1022/034831", "correlationVector":"+x2FpJQa8YaxJAbqI9ZEzB.34","action":"GetUpdates", "result":"DeleteReceived", "context":{"id":"be70bc8a-a128-411d-88e9-90d928a2e9d1", "isDeleted:":"true", "version":"1727839004199"}}
{"logTime": "1022/034831", "correlationVector":"+x2FpJQa8YaxJAbqI9ZEzB.35","action":"GetUpdates", "result":"DeleteReceived", "context":{"id":"0b85b634-0d67-4d13-8595-d8aaa7eea722", "isDeleted:":"true", "version":"1727839004200"}}
{"logTime": "1022/034831", "correlationVector":"+x2FpJQa8YaxJAbqI9ZEzB.36","action":"GetUpdates", "result":"DeleteReceived", "context":{"id":"a20041fe-0e0f-4779-b361-caa706726e17", "isDeleted:":"true", "version":"1727839462971"}}
{"logTime": "1022/034831", "correlationVector":"+x2FpJQa8YaxJAbqI9ZEzB.37","action":"GetUpdates", "result":"DeleteReceived", "context":{"id":"ff22b62b-a8fc-497c-bb19-961f9e68abd6", "isDeleted:":"true", "version":"1727840731276"}}
{"logTime": "1022/034831", "correlationVector":"+x2FpJQa8YaxJAbqI9ZEzB.38","action":"GetUpdates", "result":"DeleteReceived", "context":{"id":"91d59329-25e0-4362-a2b7-2b8a5f243725", "isDeleted:":"true", "version":"1727841108667"}}
{"logTime": "1022/034831", "correlationVector":"+x2FpJQa8YaxJAbqI9ZEzB.39","action":"GetUpdates", "result":"DeleteReceived", "context":{"id":"970157bf-50da-4226-aeb7-2eaa3bdb55ff", "isDeleted:":"true", "version":"1727842593519"}}
{"logTime": "1022/034831", "correlationVector":"+x2FpJQa8YaxJAbqI9ZEzB.40","action":"GetUpdates", "result":"DeleteReceived", "context":{"id":"3ce8e840-fb6c-48fb-98db-d571f09e869f", "isDeleted:":"true", "version":"1727842880323"}}
{"logTime": "1022/034831", "correlationVector":"+x2FpJQa8YaxJAbqI9ZEzB.41","action":"GetUpdates", "result":"DeleteReceived", "context":{"id":"527f673d-7fde-4c34-9759-3f7c3f8b79b8", "isDeleted:":"true", "version":"1727915622192"}}
{"logTime": "1022/034831", "correlationVector":"+x2FpJQa8YaxJAbqI9ZEzB.42","action":"GetUpdates", "result":"DeleteReceived", "context":{"id":"80d9a94c-5984-42bb-98c1-4a2d85381cfc", "isDeleted:":"true", "version":"1727915622193"}}
{"logTime": "1022/034831", "correlationVector":"+x2FpJQa8YaxJAbqI9ZEzB.43","action":"GetUpdates", "result":"DeleteReceived", "context":{"id":"6e3658e9-e1ea-4f69-937c-6f63d3d1bccf", "isDeleted:":"true", "version":"1727915622194"}}
{"logTime": "1022/034831", "correlationVector":"+x2FpJQa8YaxJAbqI9ZEzB.44","action":"GetUpdates", "result":"DeleteReceived", "context":{"id":"461183a2-7ee7-4024-8fff-0cd1fc8c1852", "isDeleted:":"true", "version":"1727915622195"}}
{"logTime": "1022/034831", "correlationVector":"+x2FpJQa8YaxJAbqI9ZEzB.45","action":"GetUpdates", "result":"DeleteReceived", "context":{"id":"803676c7-f72f-4b23-88d2-0bb131da19ee", "isDeleted:":"true", "version":"1727915622197"}}
{"logTime": "1022/034831", "correlationVector":"+x2FpJQa8YaxJAbqI9ZEzB.46","action":"GetUpdates", "result":"DeleteReceived", "context":{"id":"6a97c581-a096-4201-b451-ee335d2284c0", "isDeleted:":"true", "version":"1727915622198"}}
{"logTime": "1022/034831", "correlationVector":"+x2FpJQa8YaxJAbqI9ZEzB.47","action":"GetUpdates", "result":"DeleteReceived", "context":{"id":"f81dc81a-569f-4a7c-8f5f-4c9589241c82", "isDeleted:":"true", "version":"1727915622199"}}
{"logTime": "1022/034831", "correlationVector":"+x2FpJQa8YaxJAbqI9ZEzB.48","action":"GetUpdates", "result":"DeleteReceived", "context":{"id":"d49be4b2-18cd-4ef4-80b4-668ce268c8d8", "isDeleted:":"true", "version":"1727915622200"}}
{"logTime": "1022/034831", "correlationVector":"+x2FpJQa8YaxJAbqI9ZEzB.49","action":"GetUpdates", "result":"DeleteReceived", "context":{"id":"a6c71eb1-8ea0-43bf-b0c7-b672649bc398", "isDeleted:":"true", "version":"1727916867931"}}
{"logTime": "1022/034831", "correlationVector":"+x2FpJQa8YaxJAbqI9ZEzB.50","action":"GetUpdates", "result":"DeleteReceived", "context":{"id":"83ab59f8-2a21-4916-863e-a8c1da9a74ae", "isDeleted:":"true", "version":"1727918095561"}}
{"logTime": "1022/034831", "correlationVector":"+x2FpJQa8YaxJAbqI9ZEzB.51","action":"GetUpdates", "result":"DeleteReceived", "context":{"id":"0d2c3c96-4169-43bd-89a1-b4449cf18a93", "isDeleted:":"true", "version":"1727918095562"}}
{"logTime": "1022/034831", "correlationVector":"+x2FpJQa8YaxJAbqI9ZEzB.52","action":"GetUpdates", "result":"DeleteReceived", "context":{"id":"3add17f0-493b-4402-866d-da910803ff85", "isDeleted:":"true", "version":"1727918209432"}}
{"logTime": "1022/034831", "correlationVector":"+x2FpJQa8YaxJAbqI9ZEzB.53","action":"GetUpdates", "result":"DeleteReceived", "context":{"id":"45f590ad-4c7e-47c7-a330-1f709d9a220f", "isDeleted:":"true", "version":"1727919240816"}}
{"logTime": "1022/034831", "correlationVector":"+x2FpJQa8YaxJAbqI9ZEzB.54","action":"GetUpdates", "result":"DeleteReceived", "context":{"id":"daa69915-6a4e-4490-a533-c8778df13d68", "isDeleted:":"true", "version":"1727919240818"}}
{"logTime": "1022/034831", "correlationVector":"+x2FpJQa8YaxJAbqI9ZEzB.55","action":"GetUpdates", "result":"DeleteReceived", "context":{"id":"c8723541-3fdb-4799-8149-5e16333c4407", "isDeleted:":"true", "version":"1727919240822"}}
{"logTime": "1022/034831", "correlationVector":"+x2FpJQa8YaxJAbqI9ZEzB.56","action":"GetUpdates", "result":"DeleteReceived", "context":{"id":"f838609b-1844-4050-821c-c5829affa5bf", "isDeleted:":"true", "version":"1727922297018"}}
{"logTime": "1022/034831", "correlationVector":"+x2FpJQa8YaxJAbqI9ZEzB.57","action":"GetUpdates", "result":"DeleteReceived", "context":{"id":"a854befe-2ec0-477c-9d9d-8e4badccedc8", "isDeleted:":"true", "version":"1727923346398"}}
{"logTime": "1022/034831", "correlationVector":"+x2FpJQa8YaxJAbqI9ZEzB.58","action":"GetUpdates", "result":"DeleteReceived", "context":{"id":"3b979c80-9de7-4f3b-9632-614c54d31285", "isDeleted:":"true", "version":"1727923703964"}}
{"logTime": "1022/034831", "correlationVector":"+x2FpJQa8YaxJAbqI9ZEzB.59","action":"GetUpdates", "result":"DeleteReceived", "context":{"id":"37fb6178-7d89-40f7-a52d-36c8f5d366e3", "isDeleted:":"true", "version":"1727923703965"}}
{"logTime": "1022/034831", "correlationVector":"+x2FpJQa8YaxJAbqI9ZEzB.60","action":"GetUpdates", "result":"DeleteReceived", "context":{"id":"423a632a-5472-4132-9ebb-4e18de2a7936", "isDeleted:":"true", "version":"1727923703967"}}
{"logTime": "1022/034831", "correlationVector":"+x2FpJQa8YaxJAbqI9ZEzB.61","action":"GetUpdates", "result":"DeleteReceived", "context":{"id":"82a3bb8b-80a1-43b3-b802-b92495b4bc29", "isDeleted:":"true", "version":"1728008334201"}}
{"logTime": "1022/034831", "correlationVector":"+x2FpJQa8YaxJAbqI9ZEzB.62","action":"GetUpdates", "result":"DeleteReceived", "context":{"id":"3add3460-e2fb-4b9d-a1ae-f881c4198d05", "isDeleted:":"true", "version":"1728008334202"}}
{"logTime": "1022/034831", "correlationVector":"+x2FpJQa8YaxJAbqI9ZEzB.63","action":"GetUpdates", "result":"DeleteReceived", "context":{"id":"12ea93c1-1989-459f-afd1-5534ab919da3", "isDeleted:":"true", "version":"1728008334204"}}
{"logTime": "1022/034831", "correlationVector":"+x2FpJQa8YaxJAbqI9ZEzB.64","action":"GetUpdates", "result":"DeleteReceived", "context":{"id":"37a6a2f5-8473-434b-bd63-4a4c22f0139c", "isDeleted:":"true", "version":"1728008334205"}}
{"logTime": "1022/034831", "correlationVector":"+x2FpJQa8YaxJAbqI9ZEzB.65","action":"GetUpdates", "result":"DeleteReceived", "context":{"id":"0bdf687c-40e7-4af3-8784-cbac11a22d4c", "isDeleted:":"true", "version":"1728009066622"}}
{"logTime": "1022/034831", "correlationVector":"+x2FpJQa8YaxJAbqI9ZEzB.66","action":"GetUpdates", "result":"DeleteReceived", "context":{"id":"55460906-5ca7-4aa1-987a-01dac2c88041", "isDeleted:":"true", "version":"1728009155332"}}
{"logTime": "1022/034831", "correlationVector":"+x2FpJQa8YaxJAbqI9ZEzB.67","action":"GetUpdates", "result":"DeleteReceived", "context":{"id":"9ca6fd07-9f53-4f8b-ad15-fc889be503ab", "isDeleted:":"true", "version":"1728009155333"}}
{"logTime": "1022/034831", "correlationVector":"+x2FpJQa8YaxJAbqI9ZEzB.68","action":"GetUpdates", "result":"DeleteReceived", "context":{"id":"8fa65553-9d13-4c04-8c0c-1fe1e110f02c", "isDeleted:":"true", "version":"1728009287616"}}
{"logTime": "1022/034831", "correlationVector":"+x2FpJQa8YaxJAbqI9ZEzB.69","action":"GetUpdates", "result":"DeleteReceived", "context":{"id":"e1f80569-6809-4e72-99f8-080a9f1c9fce", "isDeleted:":"true", "version":"1728009287617"}}
{"logTime": "1022/034831", "correlationVector":"+x2FpJQa8YaxJAbqI9ZEzB.70","action":"GetUpdates", "result":"DeleteReceived", "context":{"id":"c3d54ef6-8f9f-418e-8be0-34b50c84dac8", "isDeleted:":"true", "version":"1728433194723"}}
{"logTime": "1022/034831", "correlationVector":"+x2FpJQa8YaxJAbqI9ZEzB.71","action":"GetUpdates", "result":"DeleteReceived", "context":{"id":"c5523326-ee40-458f-a927-af8625205141", "isDeleted:":"true", "version":"1728433194725"}}
{"logTime": "1022/034831", "correlationVector":"+x2FpJQa8YaxJAbqI9ZEzB.72","action":"GetUpdates", "result":"DeleteReceived", "context":{"id":"7444a44f-6d0b-4a70-85c4-31b4c4e30084", "isDeleted:":"true", "version":"1728442341356"}}
{"logTime": "1022/034831", "correlationVector":"+x2FpJQa8YaxJAbqI9ZEzB.73","action":"GetUpdates", "result":"DeleteReceived", "context":{"id":"c183aa49-9efe-47f1-9249-7b52685d334c", "isDeleted:":"true", "version":"1728442341357"}}
{"logTime": "1022/034831", "correlationVector":"+x2FpJQa8YaxJAbqI9ZEzB.74","action":"GetUpdates", "result":"DeleteReceived", "context":{"id":"507af0ee-e383-4b72-9826-571d96d2d216", "isDeleted:":"true", "version":"1728442341358"}}
{"logTime": "1022/034831", "correlationVector":"+x2FpJQa8YaxJAbqI9ZEzB.75","action":"GetUpdates", "result":"DeleteReceived", "context":{"id":"e5725b44-cf3f-44ee-94f9-04c8cd1a18c3", "isDeleted:":"true", "version":"1728442341359"}}
{"logTime": "1022/034831", "correlationVector":"+x2FpJQa8YaxJAbqI9ZEzB.76","action":"GetUpdates", "result":"DeleteReceived", "context":{"id":"293968b9-7b0f-4544-98aa-c6f9f30cebf3", "isDeleted:":"true", "version":"1728442341360"}}
{"logTime": "1022/034831", "correlationVector":"+x2FpJQa8YaxJAbqI9ZEzB.77","action":"GetUpdates", "result":"DeleteReceived", "context":{"id":"c41dca99-aa05-4c54-a01f-6a5175c62a63", "isDeleted:":"true", "version":"1728442341363"}}
{"logTime": "1022/034831", "correlationVector":"+x2FpJQa8YaxJAbqI9ZEzB.78","action":"GetUpdates", "result":"DeleteReceived", "context":{"id":"7d0ed4ef-e125-4b17-98a5-629be101903e", "isDeleted:":"true", "version":"1728442341364"}}
{"logTime": "1022/034831", "correlationVector":"+x2FpJQa8YaxJAbqI9ZEzB.79","action":"GetUpdates", "result":"DeleteReceived", "context":{"id":"8ad4a214-7ba1-410c-b995-80f888d891e5", "isDeleted:":"true", "version":"1728442341365"}}
{"logTime": "1022/034831", "correlationVector":"+x2FpJQa8YaxJAbqI9ZEzB.80","action":"GetUpdates", "result":"DeleteReceived", "context":{"id":"0367243e-29d1-4571-afda-45d90bf28484", "isDeleted:":"true", "version":"1728442341366"}}
{"logTime": "1022/034831", "correlationVector":"+x2FpJQa8YaxJAbqI9ZEzB.81","action":"GetUpdates", "result":"DeleteReceived", "context":{"id":"f849c64b-9d4b-4cc8-b7f4-7f98ca247845", "isDeleted:":"true", "version":"1728442341367"}}
{"logTime": "1022/034831", "correlationVector":"+x2FpJQa8YaxJAbqI9ZEzB.82","action":"GetUpdates", "result":"DeleteReceived", "context":{"id":"8f5adf66-7bb3-4438-9a43-9861f16fa3ef", "isDeleted:":"true", "version":"1728442341368"}}
{"logTime": "1022/034831", "correlationVector":"+x2FpJQa8YaxJAbqI9ZEzB.83","action":"GetUpdates", "result":"DeleteReceived", "context":{"id":"ae279743-7b47-43fc-a5b3-54fbc55ff2fb", "isDeleted:":"true", "version":"1728443030774"}}
{"logTime": "1022/034831", "correlationVector":"+x2FpJQa8YaxJAbqI9ZEzB.84","action":"GetUpdates", "result":"DeleteReceived", "context":{"id":"ca0f48ec-0340-408c-a954-d22307874d3b", "isDeleted:":"true", "version":"1728443030775"}}
{"logTime": "1022/034831", "correlationVector":"+x2FpJQa8YaxJAbqI9ZEzB.85","action":"GetUpdates", "result":"DeleteReceived", "context":{"id":"2788625a-d074-4de3-b5a4-2c72bbdf356e", "isDeleted:":"true", "version":"1728521421751"}}
{"logTime": "1022/034831", "correlationVector":"+x2FpJQa8YaxJAbqI9ZEzB.86","action":"GetUpdates", "result":"DeleteReceived", "context":{"id":"eb240285-972b-4a1a-bbaa-c641ea1f0129", "isDeleted:":"true", "version":"1728521421753"}}
{"logTime": "1022/034831", "correlationVector":"+x2FpJQa8YaxJAbqI9ZEzB.87","action":"GetUpdates", "result":"DeleteReceived", "context":{"id":"46050d40-6480-494b-8734-b9d50cfc89bb", "isDeleted:":"true", "version":"1728521421754"}}
{"logTime": "1022/034831", "correlationVector":"+x2FpJQa8YaxJAbqI9ZEzB.88","action":"GetUpdates", "result":"DeleteReceived", "context":{"id":"1544cb65-6c22-46f1-9b62-792948420b3c", "isDeleted:":"true", "version":"1728521639100"}}
{"logTime": "1022/034831", "correlationVector":"+x2FpJQa8YaxJAbqI9ZEzB.89","action":"GetUpdates", "result":"DeleteReceived", "context":{"id":"aaf30819-7c2e-4e5c-b237-e40b11a0757f", "isDeleted:":"true", "version":"1728521854896"}}
{"logTime": "1022/034831", "correlationVector":"+x2FpJQa8YaxJAbqI9ZEzB.90","action":"GetUpdates", "result":"DeleteReceived", "context":{"id":"acd1211c-38b9-418a-ad32-65738aca67fc", "isDeleted:":"true", "version":"1728522559082"}}
{"logTime": "1022/034831", "correlationVector":"+x2FpJQa8YaxJAbqI9ZEzB.91","action":"GetUpdates", "result":"DeleteReceived", "context":{"id":"045fe616-0754-4857-857c-59d9d694b43d", "isDeleted:":"true", "version":"1728523194670"}}
{"logTime": "1022/034831", "correlationVector":"+x2FpJQa8YaxJAbqI9ZEzB.92","action":"GetUpdates", "result":"DeleteReceived", "context":{"id":"0d043463-8f11-4595-b000-beec0d5503c2", "isDeleted:":"true", "version":"1728523194671"}}
{"logTime": "1022/034831", "correlationVector":"+x2FpJQa8YaxJAbqI9ZEzB.93","action":"GetUpdates", "result":"DeleteReceived", "context":{"id":"ac12440f-ae2e-445b-921a-a204d7e25d84", "isDeleted:":"true", "version":"1728609086657"}}
{"logTime": "1022/034831", "correlationVector":"+x2FpJQa8YaxJAbqI9ZEzB.94","action":"GetUpdates", "result":"DeleteReceived", "context":{"id":"09d2ab36-1815-4ed7-90d9-38c839f1ef70", "isDeleted:":"true", "version":"1728609086659"}}
{"logTime": "1022/034831", "correlationVector":"+x2FpJQa8YaxJAbqI9ZEzB.95","action":"GetUpdates", "result":"DeleteReceived", "context":{"id":"04bb8a01-08cb-4107-8f18-f6a0b2f93741", "isDeleted:":"true", "version":"1728611173631"}}
{"logTime": "1022/034831", "correlationVector":"+x2FpJQa8YaxJAbqI9ZEzB.96","action":"GetUpdates", "result":"DeleteReceived", "context":{"id":"dca306a1-e717-4e4a-bc1b-0b1eef46471b", "isDeleted:":"true", "version":"1728611173632"}}
{"logTime": "1022/034831", "correlationVector":"+x2FpJQa8YaxJAbqI9ZEzB.97","action":"GetUpdates", "result":"DeleteReceived", "context":{"id":"d4a59021-7e3d-4168-89c2-763330378ac0", "isDeleted:":"true", "version":"1728611173633"}}
{"logTime": "1022/034831", "correlationVector":"+x2FpJQa8YaxJAbqI9ZEzB.98","action":"GetUpdates", "result":"DeleteReceived", "context":{"id":"c615ef92-f53b-4348-8d80-26e506ec1e90", "isDeleted:":"true", "version":"1728611173635"}}
{"logTime": "1022/034831", "correlationVector":"+x2FpJQa8YaxJAbqI9ZEzB.99","action":"GetUpdates", "result":"DeleteReceived", "context":{"id":"9daa57d9-8bea-4763-9baa-9dcfe75cfac1", "isDeleted:":"true", "version":"1728611731475"}}
{"logTime": "1022/034831", "correlationVector":"+x2FpJQa8YaxJAbqI9ZEzB.100","action":"GetUpdates", "result":"DeleteReceived", "context":{"id":"3c43f604-28cb-4795-8829-1129932fb9ad", "isDeleted:":"true", "version":"1728611731477"}}
{"logTime": "1022/034831", "correlationVector":"+x2FpJQa8YaxJAbqI9ZEzB.101","action":"GetUpdates", "result":"DeleteReceived", "context":{"id":"f5637159-b628-4c9e-8c69-94b7b697f31f", "isDeleted:":"true", "version":"1728612340388"}}
{"logTime": "1022/034831", "correlationVector":"+x2FpJQa8YaxJAbqI9ZEzB.102","action":"GetUpdates", "result":"DeleteReceived", "context":{"id":"2ab43899-fc23-47d6-9bdc-c9251f8d2c0b", "isDeleted:":"true", "version":"1728613387123"}}
{"logTime": "1022/034831", "correlationVector":"+x2FpJQa8YaxJAbqI9ZEzB.103","action":"GetUpdates", "result":"DeleteReceived", "context":{"id":"b683bf1a-e7ae-4fb4-8bbd-1d3bcc55fde5", "isDeleted:":"true", "version":"1728615982386"}}
{"logTime": "1022/034831", "correlationVector":"+x2FpJQa8YaxJAbqI9ZEzB.104","action":"GetUpdates", "result":"DeleteReceived", "context":{"id":"b1e1ef72-8c45-427a-8bd7-14e5972805d3", "isDeleted:":"true", "version":"1728615982387"}}
{"logTime": "1022/034831", "correlationVector":"+x2FpJQa8YaxJAbqI9ZEzB.105","action":"GetUpdates", "result":"DeleteReceived", "context":{"id":"05d78516-70c7-4b0e-a453-d93ba418bf44", "isDeleted:":"true", "version":"1728942481106"}}
{"logTime": "1022/034831", "correlationVector":"+x2FpJQa8YaxJAbqI9ZEzB.106","action":"GetUpdates", "result":"DeleteReceived", "context":{"id":"f6ae9f3f-f5e2-47ef-adfb-51c654a24d25", "isDeleted:":"true", "version":"1728942481108"}}
{"logTime": "1022/034831", "correlationVector":"+x2FpJQa8YaxJAbqI9ZEzB.107","action":"GetUpdates", "result":"DeleteReceived", "context":{"id":"e5c06e02-7f5c-49c1-809d-a3ae6b8f63ce", "isDeleted:":"true", "version":"1728942481109"}}
{"logTime": "1022/034831", "correlationVector":"+x2FpJQa8YaxJAbqI9ZEzB.108","action":"GetUpdates", "result":"DeleteReceived", "context":{"id":"ea02bc12-503f-4395-acb6-13568e2ab99b", "isDeleted:":"true", "version":"1728942481110"}}
{"logTime": "1022/034831", "correlationVector":"+x2FpJQa8YaxJAbqI9ZEzB.109","action":"GetUpdates", "result":"DeleteReceived", "context":{"id":"e966e84a-79c4-4634-a63b-ca2af1a9cbb4", "isDeleted:":"true", "version":"1728943155787"}}
{"logTime": "1022/034831", "correlationVector":"+x2FpJQa8YaxJAbqI9ZEzB.110","action":"GetUpdates", "result":"DeleteReceived", "context":{"id":"fe03d5a7-b1f6-4c42-bf39-e358d950fffa", "isDeleted:":"true", "version":"1728946380156"}}
{"logTime": "1022/034831", "correlationVector":"+x2FpJQa8YaxJAbqI9ZEzB.111","action":"GetUpdates", "result":"DeleteReceived", "context":{"id":"376083f3-9b31-4e59-a516-d6f331ae80a8", "isDeleted:":"true", "version":"1728946380157"}}
{"logTime": "1022/034831", "correlationVector":"+x2FpJQa8YaxJAbqI9ZEzB.112","action":"GetUpdates", "result":"DeleteReceived", "context":{"id":"bb12939c-e1f6-4750-9d1f-bb0e1361d837", "isDeleted:":"true", "version":"1728950010417"}}
{"logTime": "1022/034831", "correlationVector":"+x2FpJQa8YaxJAbqI9ZEzB.113","action":"GetUpdates", "result":"DeleteReceived", "context":{"id":"855280fc-6ba3-47fe-bea2-0ac052204636", "isDeleted:":"true", "version":"1728951264077"}}
{"logTime": "1022/034831", "correlationVector":"+x2FpJQa8YaxJAbqI9ZEzB.114","action":"GetUpdates", "result":"DeleteReceived", "context":{"id":"6d19b092-49ab-48c9-83b9-18253515f69f", "isDeleted:":"true", "version":"1728951419250"}}
{"logTime": "1022/034831", "correlationVector":"+x2FpJQa8YaxJAbqI9ZEzB.115","action":"GetUpdates", "result":"DeleteReceived", "context":{"id":"2db234bb-060d-46f3-9b4b-7df69c33c7ce", "isDeleted:":"true", "version":"1728951419251"}}
{"logTime": "1022/034831", "correlationVector":"+x2FpJQa8YaxJAbqI9ZEzB.116","action":"GetUpdates", "result":"DeleteReceived", "context":{"id":"9e0019fb-729d-4171-b8ca-e07ad46d1079", "isDeleted:":"true", "version":"1728954237875"}}
{"logTime": "1022/034831", "correlationVector":"+x2FpJQa8YaxJAbqI9ZEzB.117","action":"GetUpdates", "result":"DeleteReceived", "context":{"id":"18df1825-bb7d-40ca-af95-feb2a834db04", "isDeleted:":"true", "version":"1728955726412"}}
{"logTime": "1022/034831", "correlationVector":"+x2FpJQa8YaxJAbqI9ZEzB.118","action":"GetUpdates", "result":"DeleteReceived", "context":{"id":"4dd69ec6-df75-4a65-b35d-e78deedb6381", "isDeleted:":"true", "version":"1728955726414"}}
{"logTime": "1022/034831", "correlationVector":"+x2FpJQa8YaxJAbqI9ZEzB.119","action":"GetUpdates", "result":"DeleteReceived", "context":{"id":"97db771b-05d1-41f6-a540-b3d2779336c9", "isDeleted:":"true", "version":"1728956148835"}}
{"logTime": "1022/034831", "correlationVector":"+x2FpJQa8YaxJAbqI9ZEzB.120","action":"GetUpdates", "result":"DeleteReceived", "context":{"id":"a7929845-6027-4e48-b244-badc76b6a578", "isDeleted:":"true", "version":"1728956148836"}}
{"logTime": "1022/034831", "correlationVector":"+x2FpJQa8YaxJAbqI9ZEzB.121","action":"GetUpdates", "result":"DeleteReceived", "context":{"id":"89e32e33-a6d2-4e62-9252-7af93a16c699", "isDeleted:":"true", "version":"1728956477965"}}
{"logTime": "1022/034831", "correlationVector":"+x2FpJQa8YaxJAbqI9ZEzB.122","action":"GetUpdates", "result":"DeleteReceived", "context":{"id":"b6865537-b9a7-4121-bda3-d1f2b7f68d87", "isDeleted:":"true", "version":"1728957278840"}}
{"logTime": "1022/034831", "correlationVector":"+x2FpJQa8YaxJAbqI9ZEzB.123","action":"GetUpdates", "result":"DeleteReceived", "context":{"id":"aa55fe31-3175-4559-816f-e10aaa072c47", "isDeleted:":"true", "version":"1728957278842"}}
{"logTime": "1022/034831", "correlationVector":"+x2FpJQa8YaxJAbqI9ZEzB.124","action":"GetUpdates", "result":"DeleteReceived", "context":{"id":"7fbe9ca5-8d19-4c7a-a5f8-8e053e947ad1", "isDeleted:":"true", "version":"1728957575774"}}
{"logTime": "1022/034831", "correlationVector":"+x2FpJQa8YaxJAbqI9ZEzB.125","action":"GetUpdates", "result":"DeleteReceived", "context":{"id":"8cf04e8b-28ef-43b2-93f1-978ee5b4d328", "isDeleted:":"true", "version":"1728959651351"}}
{"logTime": "1022/034831", "correlationVector":"+x2FpJQa8YaxJAbqI9ZEzB.126","action":"GetUpdates", "result":"DeleteReceived", "context":{"id":"89558ccc-80ab-4974-8c57-2b5ae4b9228f", "isDeleted:":"true", "version":"1728962721346"}}
{"logTime": "1022/034831", "correlationVector":"+x2FpJQa8YaxJAbqI9ZEzB.127","action":"GetUpdates", "result":"DeleteReceived", "context":{"id":"89334a7d-f319-4f18-a2ec-a52d227d0b48", "isDeleted:":"true", "version":"1729000924021"}}
{"logTime": "1022/034831", "correlationVector":"+x2FpJQa8YaxJAbqI9ZEzB.128","action":"GetUpdates", "result":"DeleteReceived", "context":{"id":"bf83be1e-5b12-4b9d-8bda-ebcdf5e5b116", "isDeleted:":"true", "version":"1729021622906"}}
{"logTime": "1022/034831", "correlationVector":"+x2FpJQa8YaxJAbqI9ZEzB.129","action":"GetUpdates", "result":"DeleteReceived", "context":{"id":"9f317c3f-a8c3-4d64-bb91-2252de44e1e0", "isDeleted:":"true", "version":"1729023966988"}}
{"logTime": "1022/034831", "correlationVector":"+x2FpJQa8YaxJAbqI9ZEzB.130","action":"GetUpdates", "result":"DeleteReceived", "context":{"id":"b4b97267-0340-41de-8d06-7da0f6fdba8e", "isDeleted:":"true", "version":"1729023966989"}}
{"logTime": "1022/034831", "correlationVector":"+x2FpJQa8YaxJAbqI9ZEzB.131","action":"GetUpdates", "result":"DeleteReceived", "context":{"id":"5a2b844a-2a6c-471b-92e9-c116650769de", "isDeleted:":"true", "version":"1729036463496"}}
{"logTime": "1022/034831", "correlationVector":"+x2FpJQa8YaxJAbqI9ZEzB.132","action":"GetUpdates", "result":"DeleteReceived", "context":{"id":"ef741765-131f-4400-87fc-ba3bf9488624", "isDeleted:":"true", "version":"1729037142833"}}
{"logTime": "1022/034831", "correlationVector":"+x2FpJQa8YaxJAbqI9ZEzB.133","action":"GetUpdates", "result":"DeleteReceived", "context":{"id":"88002cb8-317d-455f-8555-c8fc0cdd20eb", "isDeleted:":"true", "version":"1729037142834"}}
{"logTime": "1022/034831", "correlationVector":"+x2FpJQa8YaxJAbqI9ZEzB.134","action":"GetUpdates", "result":"DeleteReceived", "context":{"id":"a694cfde-82ac-4962-8603-3f499c0db4ed", "isDeleted:":"true", "version":"1729037142836"}}
{"logTime": "1022/034831", "correlationVector":"+x2FpJQa8YaxJAbqI9ZEzB.135","action":"GetUpdates", "result":"DeleteReceived", "context":{"id":"bd4c024b-9cad-4fae-a2cb-d4226f6ddd67", "isDeleted:":"true", "version":"1729037142837"}}
{"logTime": "1022/034831", "correlationVector":"+x2FpJQa8YaxJAbqI9ZEzB.136","action":"GetUpdates", "result":"DeleteReceived", "context":{"id":"8d388b6f-c4e2-4ded-b6f9-d41f7daa7904", "isDeleted:":"true", "version":"1729039920326"}}
{"logTime": "1022/034831", "correlationVector":"+x2FpJQa8YaxJAbqI9ZEzB.137","action":"GetUpdates", "result":"DeleteReceived", "context":{"id":"19fb21f2-268d-495a-ab2b-46dbf03442d2", "isDeleted:":"true", "version":"1729039920327"}}
{"logTime": "1022/034831", "correlationVector":"+x2FpJQa8YaxJAbqI9ZEzB.138","action":"GetUpdates", "result":"DeleteReceived", "context":{"id":"0c10cea3-bf96-4828-bc75-3e3dfd4b65ab", "isDeleted:":"true", "version":"1729040985303"}}
{"logTime": "1022/034831", "correlationVector":"+x2FpJQa8YaxJAbqI9ZEzB.139","action":"GetUpdates", "result":"DeleteReceived", "context":{"id":"458c8a6c-da2a-4237-87f3-bbb359190086", "isDeleted:":"true", "version":"1729040985304"}}
{"logTime": "1022/034831", "correlationVector":"+x2FpJQa8YaxJAbqI9ZEzB.140","action":"GetUpdates", "result":"DeleteReceived", "context":{"id":"2f429522-d740-458c-80b2-381800605801", "isDeleted:":"true", "version":"1729043599023"}}
{"logTime": "1022/034831", "correlationVector":"+x2FpJQa8YaxJAbqI9ZEzB.141","action":"GetUpdates", "result":"DeleteReceived", "context":{"id":"39d79a62-c78d-4163-9d28-b2437f75dc0c", "isDeleted:":"true", "version":"1729043599024"}}
{"logTime": "1022/034831", "correlationVector":"+x2FpJQa8YaxJAbqI9ZEzB.142","action":"GetUpdates", "result":"DeleteReceived", "context":{"id":"99408034-351b-4e16-baaa-da12497abe3e", "isDeleted:":"true", "version":"1729129100433"}}
{"logTime": "1022/034831", "correlationVector":"+x2FpJQa8YaxJAbqI9ZEzB.143","action":"GetUpdates", "result":"DeleteReceived", "context":{"id":"cb38c35b-4a30-486e-bde8-72dd98cc88b7", "isDeleted:":"true", "version":"1729129100434"}}
{"logTime": "1022/034831", "correlationVector":"+x2FpJQa8YaxJAbqI9ZEzB.144","action":"GetUpdates", "result":"DeleteReceived", "context":{"id":"08818324-7e8c-4a3a-a953-da5044c2507f", "isDeleted:":"true", "version":"1729129100435"}}
{"logTime": "1022/034831", "correlationVector":"+x2FpJQa8YaxJAbqI9ZEzB.145","action":"GetUpdates", "result":"DeleteReceived", "context":{"id":"ff117b09-d908-406f-93ee-9f0316e1162d", "isDeleted:":"true", "version":"1729129100437"}}
{"logTime": "1022/034831", "correlationVector":"+x2FpJQa8YaxJAbqI9ZEzB.146","action":"GetUpdates", "result":"DeleteReceived", "context":{"id":"fd77963c-7ae7-4fec-855f-4c5bf55aba75", "isDeleted:":"true", "version":"1729129100438"}}
{"logTime": "1022/034831", "correlationVector":"+x2FpJQa8YaxJAbqI9ZEzB.147","action":"GetUpdates", "result":"DeleteReceived", "context":{"id":"74d41f05-18db-46c3-9b50-6dc69a944e5b", "isDeleted:":"true", "version":"1729129100439"}}
{"logTime": "1022/034831", "correlationVector":"+x2FpJQa8YaxJAbqI9ZEzB.148","action":"GetUpdates", "result":"DeleteReceived", "context":{"id":"9420b441-84f3-42dd-8ab9-b2a2cfa3b039", "isDeleted:":"true", "version":"1729133342377"}}
{"logTime": "1022/034831", "correlationVector":"+x2FpJQa8YaxJAbqI9ZEzB.149","action":"GetUpdates", "result":"DeleteReceived", "context":{"id":"225672f0-f0c0-4fba-8d24-98fcffc99f5b", "isDeleted:":"true", "version":"1729133342379"}}
{"logTime": "1022/034831", "correlationVector":"+x2FpJQa8YaxJAbqI9ZEzB.150","action":"GetUpdates", "result":"DeleteReceived", "context":{"id":"aa05298a-fdd7-4fe6-8bcc-ca08f8201399", "isDeleted:":"true", "version":"1729133342380"}}
{"logTime": "1022/034831", "correlationVector":"+x2FpJQa8YaxJAbqI9ZEzB.151","action":"GetUpdates", "result":"DeleteReceived", "context":{"id":"af9d1f08-6c95-4159-978b-93805f3f8edd", "isDeleted:":"true", "version":"1729218655563"}}
{"logTime": "1022/034831", "correlationVector":"+x2FpJQa8YaxJAbqI9ZEzB.152","action":"GetUpdates Response", "result":"Success", "context":Received 250 update(s). cV=+x2FpJQa8YaxJAbqI9ZEzB.0;server=GENERAL0100001R;cloudType=Consumer;environment=Prod_EastUS2_000e;migrationStage=NotStarted Some updates remain.}
{"logTime": "1022/034831", "correlationVector":"lDtCiytg0cNidrKle8g72f","action":"Initial GetUpdates", "result":"", "context":Reason: NEWLY_SUPPORTED_DATATYPE. cV=lDtCiytg0cNidrKle8g72f}
{"logTime": "1022/034831", "correlationVector":"lDtCiytg0cNidrKle8g72f.1","action":"SyncServerConnectionManagerRequest", "result":"SYNC_SERVER_OK", "context":{"environment":"Prod_EastUS2_000e", "migrationStage":"NotStarted", "server":"GENERAL0100000E"}}
{"logTime": "1022/034831", "correlationVector":"lDtCiytg0cNidrKle8g72f.2","action":"GetUpdates", "result":"DeleteReceived", "context":{"id":"39736e75-a3d3-4d5f-92fe-cc31a5f8c64c", "isDeleted:":"true", "version":"1729554566905"}}
{"logTime": "1022/034831", "correlationVector":"lDtCiytg0cNidrKle8g72f.3","action":"GetUpdates", "result":"DeleteReceived", "context":{"id":"2e888f42-4a50-4d84-982a-5252a76562ac", "isDeleted:":"true", "version":"1729554566906"}}
{"logTime": "1022/034831", "correlationVector":"lDtCiytg0cNidrKle8g72f.4","action":"GetUpdates", "result":"DeleteReceived", "context":{"id":"20c9f827-5db8-4808-834a-40880d6b3b8f", "isDeleted:":"true", "version":"1729220562412"}}
{"logTime": "1022/034831", "correlationVector":"lDtCiytg0cNidrKle8g72f.5","action":"GetUpdates", "result":"DeleteReceived", "context":{"id":"0f03142f-9e7f-4720-9a41-fe43e8cf6136", "isDeleted:":"true", "version":"1729220562415"}}
{"logTime": "1022/034831", "correlationVector":"lDtCiytg0cNidrKle8g72f.6","action":"GetUpdates", "result":"DeleteReceived", "context":{"id":"81b2c092-cd7d-4b08-9aaa-df78570766e4", "isDeleted:":"true", "version":"1729220807698"}}
{"logTime": "1022/034831", "correlationVector":"lDtCiytg0cNidrKle8g72f.7","action":"GetUpdates", "result":"DeleteReceived", "context":{"id":"ec865928-33f1-4f4e-8ba0-7e6af3b35f6c", "isDeleted:":"true", "version":"1729221089688"}}
{"logTime": "1022/034831", "correlationVector":"lDtCiytg0cNidrKle8g72f.8","action":"GetUpdates", "result":"DeleteReceived", "context":{"id":"4a140316-dcd3-4c7d-9a3f-b8a600ed0ceb", "isDeleted:":"true", "version":"1729222802365"}}
{"logTime": "1022/034831", "correlationVector":"lDtCiytg0cNidrKle8g72f.9","action":"GetUpdates", "result":"DeleteReceived", "context":{"id":"4d0f9d1f-d629-43fc-a323-06720fe1b8b5", "isDeleted:":"true", "version":"1729222802366"}}
{"logTime": "1022/034831", "correlationVector":"lDtCiytg0cNidrKle8g72f.10","action":"GetUpdates", "result":"DeleteReceived", "context":{"id":"de7f1cd0-ce85-43fe-a065-0378fcb4ff8b", "isDeleted:":"true", "version":"1729222802368"}}
{"logTime": "1022/034831", "correlationVector":"lDtCiytg0cNidrKle8g72f.11","action":"GetUpdates", "result":"DeleteReceived", "context":{"id":"014d2b3f-2b48-4875-81de-d3fce665e42f", "isDeleted:":"true", "version":"1729222802369"}}
{"logTime": "1022/034831", "correlationVector":"lDtCiytg0cNidrKle8g72f.12","action":"GetUpdates", "result":"DeleteReceived", "context":{"id":"68a18d61-475a-4094-85d8-c1fd746c4da3", "isDeleted:":"true", "version":"1729222802371"}}
{"logTime": "1022/034831", "correlationVector":"lDtCiytg0cNidrKle8g72f.13","action":"GetUpdates", "result":"DeleteReceived", "context":{"id":"f69febf2-8d3e-4ca1-af02-66c7c973b0f9", "isDeleted:":"true", "version":"1729222802372"}}
{"logTime": "1022/034831", "correlationVector":"lDtCiytg0cNidrKle8g72f.14","action":"GetUpdates", "result":"DeleteReceived", "context":{"id":"5f669190-a4b7-4c13-883d-d5d8861d847f", "isDeleted:":"true", "version":"1729222802373"}}
{"logTime": "1022/034831", "correlationVector":"lDtCiytg0cNidrKle8g72f.15","action":"GetUpdates", "result":"DeleteReceived", "context":{"id":"2f7fe6f1-cea7-4316-9bf6-cc7f879e5cf5", "isDeleted:":"true", "version":"1729222802374"}}
{"logTime": "1022/034831", "correlationVector":"lDtCiytg0cNidrKle8g72f.16","action":"GetUpdates", "result":"DeleteReceived", "context":{"id":"b19ada44-3726-477b-a081-54390f6aac27", "isDeleted:":"true", "version":"1729554565305"}}
{"logTime": "1022/034831", "correlationVector":"lDtCiytg0cNidrKle8g72f.17","action":"GetUpdates", "result":"DeleteReceived", "context":{"id":"29d1d25c-cbd6-411a-9dd2-b3cb23930b26", "isDeleted:":"true", "version":"1729554565308"}}
{"logTime": "1022/034831", "correlationVector":"lDtCiytg0cNidrKle8g72f.18","action":"GetUpdates", "result":"DeleteReceived", "context":{"id":"cd99aa44-4f3f-452d-adfb-5197b2ab6af2", "isDeleted:":"true", "version":"1729554864803"}}
{"logTime": "1022/034831", "correlationVector":"lDtCiytg0cNidrKle8g72f.19","action":"GetUpdates", "result":"DeleteReceived", "context":{"id":"1bdd24f5-e20d-42d5-84f2-c21149fb01f6", "isDeleted:":"true", "version":"1729555424031"}}
{"logTime": "1022/034831", "correlationVector":"lDtCiytg0cNidrKle8g72f.20","action":"GetUpdates", "result":"DeleteReceived", "context":{"id":"3c815e6a-424d-4a97-8f64-a073b3c17607", "isDeleted:":"true", "version":"1729556991132"}}
{"logTime": "1022/034831", "correlationVector":"lDtCiytg0cNidrKle8g72f.21","action":"GetUpdates", "result":"DeleteReceived", "context":{"id":"1180dbda-ebf9-4e1c-8562-178a042b9f1d", "isDeleted:":"true", "version":"1729556991133"}}
{"logTime": "1022/034831", "correlationVector":"lDtCiytg0cNidrKle8g72f.22","action":"GetUpdates", "result":"DeleteReceived", "context":{"id":"cbac1002-eca2-49bf-998f-c7c083a8404f", "isDeleted:":"true", "version":"1729556991136"}}
{"logTime": "1022/034831", "correlationVector":"lDtCiytg0cNidrKle8g72f.23","action":"GetUpdates", "result":"DeleteReceived", "context":{"id":"88a5bd7c-572e-42c4-9fff-5b43e748b1e6", "isDeleted:":"true", "version":"1729559403553"}}
{"logTime": "1022/034831", "correlationVector":"lDtCiytg0cNidrKle8g72f.24","action":"GetUpdates", "result":"DeleteReceived", "context":{"id":"feb2fc34-90e5-4257-9418-27b4ff281d96", "isDeleted:":"true", "version":"1729566561821"}}
{"logTime": "1022/034831", "correlationVector":"lDtCiytg0cNidrKle8g72f.25","action":"GetUpdates", "result":"DeleteReceived", "context":{"id":"112f697f-7ab6-4b19-a629-986a2fc8f518", "isDeleted:":"true", "version":"1729566561827"}}
{"logTime": "1022/034831", "correlationVector":"lDtCiytg0cNidrKle8g72f.26","action":"GetUpdates", "result":"DeleteReceived", "context":{"id":"a6a1b86a-bcb2-45bc-ac6b-085ad7cdb179", "isDeleted:":"true", "version":"1729566561829"}}
{"logTime": "1022/034831", "correlationVector":"lDtCiytg0cNidrKle8g72f.27","action":"GetUpdates", "result":"DeleteReceived", "context":{"id":"4355ec92-5aa4-4ad1-b62d-5e25cfa87754", "isDeleted:":"true", "version":"1729566729844"}}
{"logTime": "1022/034831", "correlationVector":"lDtCiytg0cNidrKle8g72f.28","action":"GetUpdates", "result":"DeleteReceived", "context":{"id":"2ddc125d-6382-4841-8721-f13a30e83734", "isDeleted:":"true", "version":"1729567413788"}}
{"logTime": "1022/034831", "correlationVector":"lDtCiytg0cNidrKle8g72f.29","action":"GetUpdates", "result":"DeleteReceived", "context":{"id":"64fa7129-b500-4dd7-ab4f-98a28e00e104", "isDeleted:":"true", "version":"1729567413789"}}
{"logTime": "1022/034831", "correlationVector":"lDtCiytg0cNidrKle8g72f.30","action":"GetUpdates", "result":"DeleteReceived", "context":{"id":"7f956a53-6764-43ca-bc4e-6533419bcd2e", "isDeleted:":"true", "version":"1729567413790"}}
{"logTime": "1022/034831", "correlationVector":"lDtCiytg0cNidrKle8g72f.31","action":"GetUpdates", "result":"DeleteReceived", "context":{"id":"4565f82b-7b46-4fef-80da-1b51d114b061", "isDeleted:":"true", "version":"1729567413791"}}
{"logTime": "1022/034831", "correlationVector":"lDtCiytg0cNidrKle8g72f.32","action":"GetUpdates", "result":"DeleteReceived", "context":{"id":"85b1896d-2042-4b19-9a90-e2e132923885", "isDeleted:":"true", "version":"1729567413793"}}
{"logTime": "1022/034831", "correlationVector":"lDtCiytg0cNidrKle8g72f.33","action":"GetUpdates", "result":"DeleteReceived", "context":{"id":"93a445af-33f2-49aa-a559-c0ebc8908782", "isDeleted:":"true", "version":"1729567413794"}}
{"logTime": "1022/034831", "correlationVector":"lDtCiytg0cNidrKle8g72f.34","action":"GetUpdates", "result":"DeleteReceived", "context":{"id":"b799abf4-9af8-4671-8371-b28d0db4d8d7", "isDeleted:":"true", "version":"1729567413795"}}
{"logTime": "1022/034831", "correlationVector":"lDtCiytg0cNidrKle8g72f.35","action":"GetUpdates", "result":"DeleteReceived", "context":{"id":"7424f4d7-485b-419e-aa31-b7c32d1c32d4", "isDeleted:":"true", "version":"1729567519133"}}
{"logTime": "1022/034831", "correlationVector":"lDtCiytg0cNidrKle8g72f.36","action":"GetUpdates", "result":"DeleteReceived", "context":{"id":"0486a799-ac3e-4c15-96c2-c801c70d03cb", "isDeleted:":"true", "version":"1729567519135"}}
{"logTime": "1022/034831", "correlationVector":"lDtCiytg0cNidrKle8g72f.37","action":"GetUpdates", "result":"DeleteReceived", "context":{"id":"60bbecef-e68d-4bec-ae35-4de60f922ac7", "isDeleted:":"true", "version":"1729567519136"}}
{"logTime": "1022/034831", "correlationVector":"lDtCiytg0cNidrKle8g72f.38","action":"GetUpdates", "result":"DeleteReceived", "context":{"id":"7222a454-8b55-44da-abac-83b2b18359e2", "isDeleted:":"true", "version":"1729567605012"}}
{"logTime": "1022/034831", "correlationVector":"lDtCiytg0cNidrKle8g72f.39","action":"GetUpdates Response", "result":"Success", "context":Received 72 update(s). cV=lDtCiytg0cNidrKle8g72f.0;server=GENERAL0100000E;cloudType=Consumer;environment=Prod_EastUS2_000e;migrationStage=NotStarted}
{"logTime": "1022/034831", "correlationVector":"mPGvmJ/bD0Mk92WwM+Lkno","action":"Normal GetUpdate request", "result":"", "context":cV=mPGvmJ/bD0Mk92WwM+Lkno
Nudged types: Sessions, Device Info, User Consents
Refresh requested types: Bookmarks, Preferences, Passwords, Autofill Profiles, Autofill, Typed URLs, Extensions, Sessions, Extension settings, History Delete Directives, Device Info, User Consents, Send Tab To Self, Web Apps, Collection, Edge E Drop, Edge Hub App Usage, Edge Tab Group, Edge Wallet, Encryption Keys}
{"logTime": "1022/034832", "correlationVector":"mPGvmJ/bD0Mk92WwM+Lkno.1","action":"SyncServerConnectionManagerRequest", "result":"SYNC_SERVER_OK", "context":{"environment":"Prod_EastUS2_000e", "migrationStage":"NotStarted", "server":"GENERAL0100002P"}}
{"logTime": "1022/034832", "correlationVector":"mPGvmJ/bD0Mk92WwM+Lkno.2","action":"GetUpdates Response", "result":"Success", "context":Received 0 update(s). cV=mPGvmJ/bD0Mk92WwM+Lkno.0;server=GENERAL0100002P;cloudType=Consumer;environment=Prod_EastUS2_000e;migrationStage=NotStarted}
{"logTime": "1022/034832", "correlationVector":"NAJQGwDkZs8qS1kEum01Se","action":"Commit Request", "result":"", "context":Item count: 6
Contributing types: Typed URLs, Sessions, Device Info, User Consents}
{"logTime": "1022/034833", "correlationVector":"NAJQGwDkZs8qS1kEum01Se.1","action":"SyncServerConnectionManagerRequest", "result":"SYNC_SERVER_OK", "context":{"environment":"Prod_EastUS2_000e", "migrationStage":"NotStarted", "server":"GENERAL0100000J"}}
{"logTime": "1022/034833", "correlationVector":"NAJQGwDkZs8qS1kEum01Se.2","action":"Commit Response", "result":"Success", "context":Result: Success. cV=NAJQGwDkZs8qS1kEum01Se.0;server=GENERAL0100000J;cloudType=Consumer;environment=Prod_EastUS2_000e;migrationStage=NotStarted}
{"logTime": "1022/034833", "correlationVector":"BCggOEwH6bb2d9T8BEqi50","action":"Normal GetUpdate request", "result":"", "context":cV=BCggOEwH6bb2d9T8BEqi50
Nudged types: Typed URLs, Sessions, Device Info}
{"logTime": "1022/034834", "correlationVector":"BCggOEwH6bb2d9T8BEqi50.1","action":"SyncServerConnectionManagerRequest", "result":"SYNC_SERVER_OK", "context":{"environment":"Prod_EastUS2_000e", "migrationStage":"NotStarted", "server":"GENERAL0100001E"}}
{"logTime": "1022/034834", "correlationVector":"BCggOEwH6bb2d9T8BEqi50.2","action":"GetUpdates Response", "result":"Success", "context":Received 4 update(s). cV=BCggOEwH6bb2d9T8BEqi50.0;server=GENERAL0100001E;cloudType=Consumer;environment=Prod_EastUS2_000e;migrationStage=NotStarted}
{"logTime": "1022/034834", "correlationVector":"IRR/BXvY95jsVownsnmKfa","action":"DoCompareDataConsistency requsted types: ", "result":"Bookmarks, Preferences, Passwords, Typed URLs, Extensions, Extension settings, History Delete Directives, Send Tab To Self, Web Apps, Collection, Edge E Drop, Edge Tab Group, Edge Wallet, Encryption Keys"}
{"logTime": "1022/034834", "correlationVector":"IRR/BXvY95jsVownsnmKfa.0","action":"CompareDataConsistency result: ", "result":"Compare result: Encryption Keys is consistent. local entities count is: 1 local entities hash is: +4mB4tm/m0/fGOdvEQVUIugSBl4="}
{"logTime": "1022/034834", "correlationVector":"IRR/BXvY95jsVownsnmKfa.1","action":"CompareDataConsistency result: ", "result":"Compare result: Bookmarks is consistent. local entities count is: 32 local entities hash is: PlFSlv67VoZkMtDBXoYp6Pf8bEY="}
{"logTime": "1022/034834", "correlationVector":"IRR/BXvY95jsVownsnmKfa.2","action":"CompareDataConsistency result: ", "result":"Compare result: Preferences is consistent. local entities count is: 97 local entities hash is: oEu5CKz7zwXKkYaQmXZgrmd3m5M="}
{"logTime": "1022/034834", "correlationVector":"IRR/BXvY95jsVownsnmKfa.3","action":"CompareDataConsistency result: ", "result":"Server did not send this Typed URLs local entities count is: 65 local entities hash is: qQtxpc/SOTwdrGdV5BWuGMtopg8="}
{"logTime": "1022/034834", "correlationVector":"IRR/BXvY95jsVownsnmKfa.4","action":"CompareDataConsistency result: ", "result":"Compare result: Extensions is consistent. local entities count is: 1 local entities hash is: Z082QhtYFrcr1q9tcS1OWjmvQhM="}
{"logTime": "1022/034834", "correlationVector":"IRR/BXvY95jsVownsnmKfa.5","action":"CompareDataConsistency result: ", "result":"Compare result: Extension settings is consistent. local entities count is: 0 local entities hash is: "}
{"logTime": "1022/034834", "correlationVector":"IRR/BXvY95jsVownsnmKfa.6","action":"CompareDataConsistency result: ", "result":"Compare result: History Delete Directives is inconsistent. server entities count is: 2 server entities hash is: itIGqN22eijQWRqO9NPTEYUHR10= local entities count is: 0 local entities hash is: "}
{"logTime": "1022/034834", "correlationVector":"IRR/BXvY95jsVownsnmKfa.7","action":"CompareDataConsistency result: ", "result":"Server did not send this Send Tab To Self local entities count is: 0 local entities hash is: "}
{"logTime": "1022/034834", "correlationVector":"IRR/BXvY95jsVownsnmKfa.8","action":"CompareDataConsistency result: ", "result":"Compare result: Web Apps is consistent. local entities count is: 0 local entities hash is: "}
{"logTime": "1022/034834", "correlationVector":"IRR/BXvY95jsVownsnmKfa.9","action":"CompareDataConsistency result: ", "result":"Compare result: Collection is consistent. local entities count is: 0 local entities hash is: "}
{"logTime": "1022/034834", "correlationVector":"IRR/BXvY95jsVownsnmKfa.10","action":"CompareDataConsistency result: ", "result":"Compare result: Edge E Drop is consistent. local entities count is: 0 local entities hash is: "}
{"logTime": "1022/034834", "correlationVector":"IRR/BXvY95jsVownsnmKfa.11","action":"CompareDataConsistency result: ", "result":"Compare result: Edge Tab Group is consistent. local entities count is: 0 local entities hash is: "}
{"logTime": "1022/034834", "correlationVector":"IRR/BXvY95jsVownsnmKfa.12","action":"CompareDataConsistency result: ", "result":"Compare result: Edge Wallet is consistent. local entities count is: 0 local entities hash is: "}
{"logTime": "1022/034834", "correlationVector":"IRR/BXvY95jsVownsnmKfa.13","action":"CompareDataConsistency result: ", "result":"Compare result: Passwords is consistent. local entities count is: 50 local entities hash is: FcRd3PRe2p6pj5JsA8sckXuI5wk="}
{"logTime": "1022/034834", "correlationVector":"","action":"DIAGNOSTIC_REQUEST|v1/diagnosticData/Diagnostic.SendCheckResult()|SUCCESS", "result":""}
{"logTime": "1022/034837", "correlationVector":"5fLuhEbiJZ4134FePlvop1","action":"Commit Request", "result":"", "context":Item count: 40
Contributing types: Passwords}
{"logTime": "1022/034839", "correlationVector":"5fLuhEbiJZ4134FePlvop1.1","action":"SyncServerConnectionManagerRequest", "result":"SYNC_SERVER_OK", "context":{"environment":"Prod_EastUS2_000e", "migrationStage":"NotStarted", "server":"GENERAL0100002B"}}
{"logTime": "1022/034839", "correlationVector":"5fLuhEbiJZ4134FePlvop1.2","action":"Commit Response", "result":"Success", "context":Result: Success. cV=5fLuhEbiJZ4134FePlvop1.0;server=GENERAL0100002B;cloudType=Consumer;environment=Prod_EastUS2_000e;migrationStage=NotStarted}
{"logTime": "1022/034839", "correlationVector":"0xFRR+TkRW+kj0wOg+WsM8","action":"Commit Request", "result":"", "context":Item count: 3
Contributing types: Preferences, Passwords, Sessions}
{"logTime": "1022/034840", "correlationVector":"0xFRR+TkRW+kj0wOg+WsM8.1","action":"SyncServerConnectionManagerRequest", "result":"SYNC_SERVER_OK", "context":{"environment":"Prod_EastUS2_000e", "migrationStage":"NotStarted", "server":"GENERAL01000014"}}
{"logTime": "1022/034840", "correlationVector":"0xFRR+TkRW+kj0wOg+WsM8.2","action":"Commit Response", "result":"Success", "context":Result: Success. cV=0xFRR+TkRW+kj0wOg+WsM8.0;server=GENERAL01000014;cloudType=Consumer;environment=Prod_EastUS2_000e;migrationStage=NotStarted}
{"logTime": "1023/022352", "correlationVector":"zZdThPPekhe8o6+Bd+juNC.1","action":"SyncServerConnectionManagerRequest", "result":"SYNC_SERVER_OK", "context":{"environment":"Prod_EastUS2_000e", "migrationStage":"NotStarted", "server":"GENERAL0100000O"}}
{"logTime": "1023/022352", "correlationVector":"8O5J7U2QOpKm1hdsB9KUu9","action":"SyncServerConnectionManagerRequest", "result":"SYNC_SERVER_OK", "context":{"environment":"", "migrationStage":"", "server":""}}
{"logTime": "1023/022352", "correlationVector":"zZdThPPekhe8o6+Bd+juNC","action":"Initial GetUpdates", "result":"", "context":Reason: NEW_CLIENT. cV=zZdThPPekhe8o6+Bd+juNC}
{"logTime": "1023/022352", "correlationVector":"zZdThPPekhe8o6+Bd+juNC.2","action":"GetUpdates Response", "result":"Success", "context":Received 1 update(s). cV=zZdThPPekhe8o6+Bd+juNC.0;server=GENERAL0100000O;cloudType=Consumer;environment=Prod_EastUS2_000e;migrationStage=NotStarted}
{"logTime": "1023/022352", "correlationVector":"SGGwc45UZbFTXO3zDh01kW","action":"Initial GetUpdates", "result":"", "context":Reason: NEWLY_SUPPORTED_DATATYPE. cV=SGGwc45UZbFTXO3zDh01kW}
{"logTime": "1023/022353", "correlationVector":"SGGwc45UZbFTXO3zDh01kW.1","action":"SyncServerConnectionManagerRequest", "result":"SYNC_SERVER_OK", "context":{"environment":"Prod_EastUS2_000e", "migrationStage":"NotStarted", "server":"GENERAL01000007"}}
{"logTime": "1023/022353", "correlationVector":"SGGwc45UZbFTXO3zDh01kW.2","action":"GetUpdates", "result":"DeleteReceived", "context":{"id":"8ed9666b-4d2f-4591-ba3b-9452385423c7", "isDeleted:":"true", "version":"1725929922493"}}
{"logTime": "1023/022353", "correlationVector":"SGGwc45UZbFTXO3zDh01kW.3","action":"GetUpdates", "result":"DeleteReceived", "context":{"id":"8ec66677-adf5-47e7-bf5f-b226891e13eb", "isDeleted:":"true", "version":"1725932094553"}}
{"logTime": "1023/022353", "correlationVector":"SGGwc45UZbFTXO3zDh01kW.4","action":"GetUpdates", "result":"DeleteReceived", "context":{"id":"00fa37b8-910d-4eb5-89ab-3b6b28bae3aa", "isDeleted:":"true", "version":"1726011539522"}}
{"logTime": "1023/022353", "correlationVector":"SGGwc45UZbFTXO3zDh01kW.5","action":"GetUpdates", "result":"DeleteReceived", "context":{"id":"bf336325-bc31-42c0-9f48-437cac91c1c7", "isDeleted:":"true", "version":"1726012092967"}}
{"logTime": "1023/022353", "correlationVector":"SGGwc45UZbFTXO3zDh01kW.6","action":"GetUpdates", "result":"DeleteReceived", "context":{"id":"6735d866-3188-4da0-823c-d56c8bc9c30c", "isDeleted:":"true", "version":"1726012093966"}}
{"logTime": "1023/022353", "correlationVector":"SGGwc45UZbFTXO3zDh01kW.7","action":"GetUpdates", "result":"DeleteReceived", "context":{"id":"8b09ec6e-531a-469a-98d9-17bbb73040cb", "isDeleted:":"true", "version":"1726012094967"}}
{"logTime": "1023/022353", "correlationVector":"SGGwc45UZbFTXO3zDh01kW.8","action":"GetUpdates", "result":"DeleteReceived", "context":{"id":"b4459e37-d526-4e44-93ef-f8843367c0e2", "isDeleted:":"true", "version":"1726012096019"}}
{"logTime": "1023/022353", "correlationVector":"SGGwc45UZbFTXO3zDh01kW.9","action":"GetUpdates", "result":"DeleteReceived", "context":{"id":"f149879e-84ec-435a-a159-a4085c5465b2", "isDeleted:":"true", "version":"1726012097916"}}
{"logTime": "1023/022353", "correlationVector":"SGGwc45UZbFTXO3zDh01kW.10","action":"GetUpdates", "result":"DeleteReceived", "context":{"id":"337144e7-6394-4477-ac38-7b4c81ba2811", "isDeleted:":"true", "version":"1726012098848"}}
{"logTime": "1023/022353", "correlationVector":"SGGwc45UZbFTXO3zDh01kW.11","action":"GetUpdates", "result":"DeleteReceived", "context":{"id":"b18f6654-c888-4f37-a2d5-24832299ca76", "isDeleted:":"true", "version":"1726012139127"}}
{"logTime": "1023/022353", "correlationVector":"SGGwc45UZbFTXO3zDh01kW.12","action":"GetUpdates Response", "result":"Success", "context":Received 60 update(s). cV=SGGwc45UZbFTXO3zDh01kW.0;server=GENERAL01000007;cloudType=Consumer;environment=Prod_EastUS2_000e;migrationStage=NotStarted}
{"logTime": "1023/022353", "correlationVector":"5qIV70wlSbDpbBVsS+rg8R","action":"Normal GetUpdate request", "result":"", "context":cV=5qIV70wlSbDpbBVsS+rg8R
Nudged types: Sessions
Refresh requested types: Bookmarks, Preferences, Passwords, Autofill Profiles, Autofill, Typed URLs, Extensions, Sessions, Extension settings, History Delete Directives, Device Info, User Consents, Send Tab To Self, Web Apps, Collection, Edge E Drop, Edge Hub App Usage, Edge Tab Group, Edge Wallet, Encryption Keys}
{"logTime": "1023/022353", "correlationVector":"5qIV70wlSbDpbBVsS+rg8R.1","action":"SyncServerConnectionManagerRequest", "result":"SYNC_SERVER_OK", "context":{"environment":"Prod_EastUS2_000e", "migrationStage":"NotStarted", "server":"GENERAL0100001R"}}
{"logTime": "1023/022353", "correlationVector":"5qIV70wlSbDpbBVsS+rg8R.2","action":"GetUpdates", "result":"DeleteReceived", "context":{"id":"170f43f5-0de2-4cf1-aa6f-76716ee546fe", "isDeleted:":"true", "version":"1729647602912"}}
{"logTime": "1023/022353", "correlationVector":"5qIV70wlSbDpbBVsS+rg8R.3","action":"GetUpdates", "result":"DeleteReceived", "context":{"id":"b3ff6801-4db2-4b6c-b2d6-3ad3186b53c5", "isDeleted:":"true", "version":"1729647602913"}}
{"logTime": "1023/022353", "correlationVector":"5qIV70wlSbDpbBVsS+rg8R.4","action":"GetUpdates", "result":"DeleteReceived", "context":{"id":"21d157bc-8998-43fa-bc98-f5d16b7c4e60", "isDeleted:":"true", "version":"1729647602914"}}
{"logTime": "1023/022353", "correlationVector":"5qIV70wlSbDpbBVsS+rg8R.5","action":"GetUpdates", "result":"DeleteReceived", "context":{"id":"600429ef-7862-4cef-92e6-695a79faeb36", "isDeleted:":"true", "version":"1729647602915"}}
{"logTime": "1023/022353", "correlationVector":"5qIV70wlSbDpbBVsS+rg8R.6","action":"GetUpdates", "result":"DeleteReceived", "context":{"id":"e1fe0c42-23cf-48c3-ad55-1ddac8f7f066", "isDeleted:":"true", "version":"1729647602916"}}
{"logTime": "1023/022353", "correlationVector":"5qIV70wlSbDpbBVsS+rg8R.7","action":"GetUpdates", "result":"DeleteReceived", "context":{"id":"3dd8afc9-dba2-4980-801a-c27737f12cc8", "isDeleted:":"true", "version":"1729647602917"}}
{"logTime": "1023/022353", "correlationVector":"5qIV70wlSbDpbBVsS+rg8R.8","action":"GetUpdates", "result":"DeleteReceived", "context":{"id":"59924da7-d919-4f93-8979-77692309ead2", "isDeleted:":"true", "version":"1729648055323"}}
{"logTime": "1023/022353", "correlationVector":"5qIV70wlSbDpbBVsS+rg8R.9","action":"GetUpdates", "result":"DeleteReceived", "context":{"id":"6212d0d3-f44a-4c00-9db2-bd0ca0d7d264", "isDeleted:":"true", "version":"1729648388859"}}
{"logTime": "1023/022353", "correlationVector":"5qIV70wlSbDpbBVsS+rg8R.10","action":"GetUpdates", "result":"DeleteReceived", "context":{"id":"0783d62d-807d-4ff7-83da-15bdd91397d5", "isDeleted:":"true", "version":"1729648731251"}}
{"logTime": "1023/022353", "correlationVector":"5qIV70wlSbDpbBVsS+rg8R.11","action":"GetUpdates", "result":"DeleteReceived", "context":{"id":"99c3dcb5-797a-41bd-8ffb-a7c84d070d4d", "isDeleted:":"true", "version":"1729649128012"}}
{"logTime": "1023/022353", "correlationVector":"5qIV70wlSbDpbBVsS+rg8R.12","action":"GetUpdates", "result":"DeleteReceived", "context":{"id":"c762620a-7931-422f-9a33-aa62b99bc2bd", "isDeleted:":"true", "version":"1729649128013"}}
{"logTime": "1023/022353", "correlationVector":"5qIV70wlSbDpbBVsS+rg8R.13","action":"GetUpdates", "result":"DeleteReceived", "context":{"id":"502646d0-eae6-4744-b6bc-2835b7d13efd", "isDeleted:":"true", "version":"1729649418875"}}
{"logTime": "1023/022353", "correlationVector":"5qIV70wlSbDpbBVsS+rg8R.14","action":"GetUpdates", "result":"DeleteReceived", "context":{"id":"31e2bf17-f136-4650-a460-97018734d062", "isDeleted:":"true", "version":"1729650169502"}}
{"logTime": "1023/022353", "correlationVector":"5qIV70wlSbDpbBVsS+rg8R.15","action":"GetUpdates Response", "result":"Success", "context":Received 27 update(s). cV=5qIV70wlSbDpbBVsS+rg8R.0;server=GENERAL0100001R;cloudType=Consumer;environment=Prod_EastUS2_000e;migrationStage=NotStarted}
{"logTime": "1023/022353", "correlationVector":"HL/NCpAt8LXPNoDFTlBZz+","action":"Commit Request", "result":"", "context":Item count: 3
Contributing types: Sessions}
{"logTime": "1023/022354", "correlationVector":"HL/NCpAt8LXPNoDFTlBZz+.1","action":"SyncServerConnectionManagerRequest", "result":"SYNC_SERVER_OK", "context":{"environment":"Prod_EastUS2_000e", "migrationStage":"NotStarted", "server":"GENERAL0100002A"}}
{"logTime": "1023/022354", "correlationVector":"HL/NCpAt8LXPNoDFTlBZz+.3","action":"Commit.Sessions", "result":"Success", "context":{"id":"08149050-9fc6-4c2c-ad55-6a5c802ed993", "isDeleted":"true", "size":"0", "version":"1729568920108"}}
{"logTime": "1023/022354", "correlationVector":"HL/NCpAt8LXPNoDFTlBZz+.2","action":"Commit Response", "result":"Success", "context":Result: Success. cV=HL/NCpAt8LXPNoDFTlBZz+.0;server=GENERAL0100002A;cloudType=Consumer;environment=Prod_EastUS2_000e;migrationStage=NotStarted}
{"logTime": "1023/022354", "correlationVector":"KNXd0lqF4eJh5qThaqPiQ/","action":"Normal GetUpdate request", "result":"", "context":cV=KNXd0lqF4eJh5qThaqPiQ/
Nudged types: Sessions}
{"logTime": "1023/022354", "correlationVector":"KNXd0lqF4eJh5qThaqPiQ/.1","action":"SyncServerConnectionManagerRequest", "result":"SYNC_SERVER_OK", "context":{"environment":"Prod_EastUS2_000e", "migrationStage":"NotStarted", "server":"GENERAL0100001T"}}
{"logTime": "1023/022354", "correlationVector":"KNXd0lqF4eJh5qThaqPiQ/.2","action":"GetUpdates", "result":"DeleteReceived", "context":{"id":"08149050-9fc6-4c2c-ad55-6a5c802ed993", "isDeleted:":"true", "version":"1729650234268"}}
{"logTime": "1023/022354", "correlationVector":"KNXd0lqF4eJh5qThaqPiQ/.3","action":"GetUpdates Response", "result":"Success", "context":Received 3 update(s). cV=KNXd0lqF4eJh5qThaqPiQ/.0;server=GENERAL0100001T;cloudType=Consumer;environment=Prod_EastUS2_000e;migrationStage=NotStarted}
{"logTime": "1023/022354", "correlationVector":"MN4AbJ87B9NL4Ay8btje/+","action":"Poll GetUpdate request", "result":"", "context":cV=MN4AbJ87B9NL4Ay8btje/+}
{"logTime": "1023/022355", "correlationVector":"MN4AbJ87B9NL4Ay8btje/+.1","action":"SyncServerConnectionManagerRequest", "result":"SYNC_SERVER_OK", "context":{"environment":"Prod_EastUS2_000e", "migrationStage":"NotStarted", "server":"GENERAL01000006"}}
{"logTime": "1023/022355", "correlationVector":"MN4AbJ87B9NL4Ay8btje/+.2","action":"GetUpdates Response", "result":"Success", "context":Received 0 update(s). cV=MN4AbJ87B9NL4Ay8btje/+.0;server=GENERAL01000006;cloudType=Consumer;environment=Prod_EastUS2_000e;migrationStage=NotStarted}
{"logTime": "1023/022355", "correlationVector":"u+heiQU/gYl00wjipe3yAO","action":"Commit Request", "result":"", "context":Item count: 3
Contributing types: Preferences, Passwords}
{"logTime": "1023/022356", "correlationVector":"u+heiQU/gYl00wjipe3yAO.1","action":"SyncServerConnectionManagerRequest", "result":"SYNC_SERVER_OK", "context":{"environment":"Prod_EastUS2_000e", "migrationStage":"NotStarted", "server":"GENERAL0100000V"}}
{"logTime": "1023/022356", "correlationVector":"u+heiQU/gYl00wjipe3yAO.2","action":"Commit Response", "result":"Success", "context":Result: Success. cV=u+heiQU/gYl00wjipe3yAO.0;server=GENERAL0100000V;cloudType=Consumer;environment=Prod_EastUS2_000e;migrationStage=NotStarted}
{"logTime": "1023/022427", "correlationVector":"Xgo063akL13OA/q/DA/snH","action":"Commit Request", "result":"", "context":Item count: 1
Contributing types: Sessions}
{"logTime": "1023/022427", "correlationVector":"Xgo063akL13OA/q/DA/snH.1","action":"SyncServerConnectionManagerRequest", "result":"SYNC_SERVER_OK", "context":{"environment":"Prod_EastUS2_000e", "migrationStage":"NotStarted", "server":"GENERAL01000026"}}
{"logTime": "1023/022427", "correlationVector":"Xgo063akL13OA/q/DA/snH.2","action":"Commit Response", "result":"Success", "context":Result: Success. cV=Xgo063akL13OA/q/DA/snH.0;server=GENERAL01000026;cloudType=Consumer;environment=Prod_EastUS2_000e;migrationStage=NotStarted}
{"logTime": "1023/022534", "correlationVector":"mvYoLNCa0nY2T3lILYqNKj.1","action":"SyncServerConnectionManagerRequest", "result":"SYNC_SERVER_OK", "context":{"environment":"Prod_EastUS2_000e", "migrationStage":"NotStarted", "server":"GENERAL0100000J"}}
{"logTime": "1023/022534", "correlationVector":"rB/hqn8SBy8NNGgWYuLbIx","action":"SyncServerConnectionManagerRequest", "result":"SYNC_SERVER_OK", "context":{"environment":"", "migrationStage":"", "server":""}}
{"logTime": "1023/022534", "correlationVector":"mvYoLNCa0nY2T3lILYqNKj","action":"Initial GetUpdates", "result":"", "context":Reason: NEW_CLIENT. cV=mvYoLNCa0nY2T3lILYqNKj}
{"logTime": "1023/022534", "correlationVector":"mvYoLNCa0nY2T3lILYqNKj.2","action":"GetUpdates Response", "result":"Success", "context":Received 1 update(s). cV=mvYoLNCa0nY2T3lILYqNKj.0;server=GENERAL0100000J;cloudType=Consumer;environment=Prod_EastUS2_000e;migrationStage=NotStarted}
{"logTime": "1023/022534", "correlationVector":"5eYahCvFH8w83FwoRXjviX","action":"Initial GetUpdates", "result":"", "context":Reason: NEWLY_SUPPORTED_DATATYPE. cV=5eYahCvFH8w83FwoRXjviX}
{"logTime": "1023/022535", "correlationVector":"5eYahCvFH8w83FwoRXjviX.1","action":"SyncServerConnectionManagerRequest", "result":"SYNC_SERVER_OK", "context":{"environment":"Prod_EastUS2_000e", "migrationStage":"NotStarted", "server":"GENERAL0100000C"}}
{"logTime": "1023/022535", "correlationVector":"5eYahCvFH8w83FwoRXjviX.2","action":"GetUpdates", "result":"DeleteReceived", "context":{"id":"8ed9666b-4d2f-4591-ba3b-9452385423c7", "isDeleted:":"true", "version":"1725929922493"}}
{"logTime": "1023/022535", "correlationVector":"5eYahCvFH8w83FwoRXjviX.3","action":"GetUpdates", "result":"DeleteReceived", "context":{"id":"8ec66677-adf5-47e7-bf5f-b226891e13eb", "isDeleted:":"true", "version":"1725932094553"}}
{"logTime": "1023/022535", "correlationVector":"5eYahCvFH8w83FwoRXjviX.4","action":"GetUpdates", "result":"DeleteReceived", "context":{"id":"00fa37b8-910d-4eb5-89ab-3b6b28bae3aa", "isDeleted:":"true", "version":"1726011539522"}}
{"logTime": "1023/022535", "correlationVector":"5eYahCvFH8w83FwoRXjviX.5","action":"GetUpdates", "result":"DeleteReceived", "context":{"id":"bf336325-bc31-42c0-9f48-437cac91c1c7", "isDeleted:":"true", "version":"1726012092967"}}
{"logTime": "1023/022535", "correlationVector":"5eYahCvFH8w83FwoRXjviX.6","action":"GetUpdates", "result":"DeleteReceived", "context":{"id":"6735d866-3188-4da0-823c-d56c8bc9c30c", "isDeleted:":"true", "version":"1726012093966"}}
{"logTime": "1023/022535", "correlationVector":"5eYahCvFH8w83FwoRXjviX.7","action":"GetUpdates", "result":"DeleteReceived", "context":{"id":"8b09ec6e-531a-469a-98d9-17bbb73040cb", "isDeleted:":"true", "version":"1726012094967"}}
{"logTime": "1023/022535", "correlationVector":"5eYahCvFH8w83FwoRXjviX.8","action":"GetUpdates", "result":"DeleteReceived", "context":{"id":"b4459e37-d526-4e44-93ef-f8843367c0e2", "isDeleted:":"true", "version":"1726012096019"}}
{"logTime": "1023/022535", "correlationVector":"5eYahCvFH8w83FwoRXjviX.9","action":"GetUpdates", "result":"DeleteReceived", "context":{"id":"f149879e-84ec-435a-a159-a4085c5465b2", "isDeleted:":"true", "version":"1726012097916"}}
{"logTime": "1023/022535", "correlationVector":"5eYahCvFH8w83FwoRXjviX.10","action":"GetUpdates", "result":"DeleteReceived", "context":{"id":"337144e7-6394-4477-ac38-7b4c81ba2811", "isDeleted:":"true", "version":"1726012098848"}}
{"logTime": "1023/022535", "correlationVector":"5eYahCvFH8w83FwoRXjviX.11","action":"GetUpdates", "result":"DeleteReceived", "context":{"id":"b18f6654-c888-4f37-a2d5-24832299ca76", "isDeleted:":"true", "version":"1726012139127"}}
{"logTime": "1023/022535", "correlationVector":"5eYahCvFH8w83FwoRXjviX.12","action":"GetUpdates Response", "result":"Success", "context":Received 60 update(s). cV=5eYahCvFH8w83FwoRXjviX.0;server=GENERAL0100000C;cloudType=Consumer;environment=Prod_EastUS2_000e;migrationStage=NotStarted}
{"logTime": "1023/022535", "correlationVector":"7UWNQqa0rXGjpuovZ4sqij","action":"Normal GetUpdate request", "result":"", "context":cV=7UWNQqa0rXGjpuovZ4sqij
Nudged types: Sessions
Refresh requested types: Bookmarks, Preferences, Passwords, Autofill Profiles, Autofill, Typed URLs, Extensions, Sessions, Extension settings, History Delete Directives, Device Info, User Consents, Send Tab To Self, Web Apps, Collection, Edge E Drop, Edge Hub App Usage, Edge Tab Group, Edge Wallet, Encryption Keys}
{"logTime": "1023/022536", "correlationVector":"7UWNQqa0rXGjpuovZ4sqij.1","action":"SyncServerConnectionManagerRequest", "result":"SYNC_SERVER_OK", "context":{"environment":"Prod_EastUS2_000e", "migrationStage":"NotStarted", "server":"GENERAL01000020"}}
{"logTime": "1023/022536", "correlationVector":"7UWNQqa0rXGjpuovZ4sqij.2","action":"GetUpdates Response", "result":"Success", "context":Received 2 update(s). cV=7UWNQqa0rXGjpuovZ4sqij.0;server=GENERAL01000020;cloudType=Consumer;environment=Prod_EastUS2_000e;migrationStage=NotStarted}
{"logTime": "1023/022536", "correlationVector":"BQKD1jxNqOC5DWPHkm/mxn","action":"Commit Request", "result":"", "context":Item count: 3
Contributing types: Sessions}
{"logTime": "1023/022536", "correlationVector":"BQKD1jxNqOC5DWPHkm/mxn.1","action":"SyncServerConnectionManagerRequest", "result":"SYNC_SERVER_OK", "context":{"environment":"Prod_EastUS2_000e", "migrationStage":"NotStarted", "server":"GENERAL01000021"}}
{"logTime": "1023/022536", "correlationVector":"BQKD1jxNqOC5DWPHkm/mxn.2","action":"Commit Response", "result":"Success", "context":Result: Success. cV=BQKD1jxNqOC5DWPHkm/mxn.0;server=GENERAL01000021;cloudType=Consumer;environment=Prod_EastUS2_000e;migrationStage=NotStarted}
{"logTime": "1023/022606", "correlationVector":"Bk2p4EEJyOC4CK3vSkBYUw","action":"Normal GetUpdate request", "result":"", "context":cV=Bk2p4EEJyOC4CK3vSkBYUw
Nudged types: Sessions}
{"logTime": "1023/022606", "correlationVector":"Bk2p4EEJyOC4CK3vSkBYUw.1","action":"SyncServerConnectionManagerRequest", "result":"SYNC_SERVER_OK", "context":{"environment":"Prod_EastUS2_000e", "migrationStage":"NotStarted", "server":"GENERAL0100000I"}}
{"logTime": "1023/022606", "correlationVector":"Bk2p4EEJyOC4CK3vSkBYUw.2","action":"GetUpdates Response", "result":"Success", "context":Received 3 update(s). cV=Bk2p4EEJyOC4CK3vSkBYUw.0;server=GENERAL0100000I;cloudType=Consumer;environment=Prod_EastUS2_000e;migrationStage=NotStarted}
{"logTime": "1023/022606", "correlationVector":"Prd9i/98DnH9IXQpVjRKq7","action":"Commit Request", "result":"", "context":Item count: 2
Contributing types: Sessions}
{"logTime": "1023/022607", "correlationVector":"Prd9i/98DnH9IXQpVjRKq7.1","action":"SyncServerConnectionManagerRequest", "result":"SYNC_SERVER_OK", "context":{"environment":"Prod_EastUS2_000e", "migrationStage":"NotStarted", "server":"GENERAL0100001R"}}
{"logTime": "1023/022607", "correlationVector":"Prd9i/98DnH9IXQpVjRKq7.3","action":"Commit.Sessions", "result":"Success", "context":{"id":"ced90ad0-90dd-4d26-a469-f9091eb815e5", "isDeleted":"true", "size":"0", "version":"1729650336514"}}
{"logTime": "1023/022607", "correlationVector":"Prd9i/98DnH9IXQpVjRKq7.2","action":"Commit Response", "result":"Success", "context":Result: Success. cV=Prd9i/98DnH9IXQpVjRKq7.0;server=GENERAL0100001R;cloudType=Consumer;environment=Prod_EastUS2_000e;migrationStage=NotStarted}
{"logTime": "1023/022645", "correlationVector":"by9eMAMONKRY+I/9X/cq7K","action":"Normal GetUpdate request", "result":"", "context":cV=by9eMAMONKRY+I/9X/cq7K
Notified types: Typed URLs}
{"logTime": "1023/022646", "correlationVector":"by9eMAMONKRY+I/9X/cq7K.1","action":"SyncServerConnectionManagerRequest", "result":"SYNC_SERVER_OK", "context":{"environment":"Prod_EastUS2_000e", "migrationStage":"NotStarted", "server":"GENERAL0100001M"}}
{"logTime": "1023/022646", "correlationVector":"by9eMAMONKRY+I/9X/cq7K.2","action":"GetUpdates", "result":"DeleteReceived", "context":{"id":"ced90ad0-90dd-4d26-a469-f9091eb815e5", "isDeleted:":"true", "version":"1729650367339"}}
{"logTime": "1023/022646", "correlationVector":"by9eMAMONKRY+I/9X/cq7K.3","action":"GetUpdates Response", "result":"Success", "context":Received 5 update(s). cV=by9eMAMONKRY+I/9X/cq7K.0;server=GENERAL0100001M;cloudType=Consumer;environment=Prod_EastUS2_000e;migrationStage=NotStarted}
{"logTime": "1023/022721", "correlationVector":"BkrhBQDo04r1GQVyfOaim2","action":"Normal GetUpdate request", "result":"", "context":cV=BkrhBQDo04r1GQVyfOaim2
Notified types: Autofill}
{"logTime": "1023/022722", "correlationVector":"BkrhBQDo04r1GQVyfOaim2.1","action":"SyncServerConnectionManagerRequest", "result":"SYNC_SERVER_OK", "context":{"environment":"Prod_EastUS2_000e", "migrationStage":"NotStarted", "server":"GENERAL0100002L"}}
{"logTime": "1023/022722", "correlationVector":"BkrhBQDo04r1GQVyfOaim2.2","action":"GetUpdates Response", "result":"Success", "context":Received 3 update(s). cV=BkrhBQDo04r1GQVyfOaim2.0;server=GENERAL0100002L;cloudType=Consumer;environment=Prod_EastUS2_000e;migrationStage=NotStarted}
